[ 2013-06-24T09:04:58+08:00 ] 127.0.0.1 /
INFO: [ app_begin ] --START--
INFO: Run ReadHtmlCache Behavior [ RunTime:0.012001s ]
INFO: [ app_begin ] --END-- [ RunTime:0.058003s ]

[ 2013-06-24T09:05:00+08:00 ] 127.0.0.1 /favicon.ico
INFO: [ route_check ] --START--
INFO: Run CheckRoute Behavior [ RunTime:0.009000s ]
INFO: [ route_check ] --END-- [ RunTime:0.009000s ]
INFO: [ app_begin ] --START--
INFO: Run ReadHtmlCache Behavior [ RunTime:0.000000s ]
INFO: [ app_begin ] --END-- [ RunTime:0.026002s ]
NOTIC: [8] Undefined variable: group D:\www\test\PHP\NS\library\Tlib\Lib\Core\App.class.php 第 120 行.
ERR: 无法加载模块:Favicon.ico

[ 2013-06-24T09:07:05+08:00 ] 127.0.0.1 /
INFO: [ app_begin ] --START--
INFO: Run ReadHtmlCache Behavior [ RunTime:0.001000s ]
INFO: [ app_begin ] --END-- [ RunTime:0.001000s ]

[ 2013-06-24T09:07:06+08:00 ] 127.0.0.1 /favicon.ico
INFO: [ route_check ] --START--
INFO: Run CheckRoute Behavior [ RunTime:0.001000s ]
INFO: [ route_check ] --END-- [ RunTime:0.001000s ]
INFO: [ app_begin ] --START--
INFO: Run ReadHtmlCache Behavior [ RunTime:0.000000s ]
INFO: [ app_begin ] --END-- [ RunTime:0.000000s ]
NOTIC: [8] Undefined variable: group D:\www\test\PHP\NS\library\Tlib\Lib\Core\App.class.php 第 120 行.
ERR: 无法加载模块:Favicon.ico

[ 2013-06-24T09:15:02+08:00 ] 127.0.0.1 /
INFO: [ app_begin ] --START--
INFO: Run ReadHtmlCache Behavior [ RunTime:0.001001s ]
INFO: [ app_begin ] --END-- [ RunTime:0.002001s ]

[ 2013-06-24T09:15:03+08:00 ] 127.0.0.1 /favicon.ico
INFO: [ route_check ] --START--
INFO: Run CheckRoute Behavior [ RunTime:0.019001s ]
INFO: [ route_check ] --END-- [ RunTime:0.019001s ]
INFO: [ app_begin ] --START--
INFO: Run ReadHtmlCache Behavior [ RunTime:0.001000s ]
INFO: [ app_begin ] --END-- [ RunTime:0.001000s ]
NOTIC: [8] Undefined variable: group D:\www\test\PHP\NS\library\Tlib\Lib\Core\App.class.php 第 120 行.
ERR: 无法加载模块:Favicon.ico

[ 2013-06-24T09:15:11+08:00 ] 127.0.0.1 /api/search/get.json?p=KIb6skTwg6KHpPdtrNthjikSLdv8UOH%2Fg63xNxwahJQ6gevpxaIZALEYFw9j61VTGBM1fhNh0AECBVbvd3sJLQ%3D%3D
INFO: [ route_check ] --START--
INFO: Run CheckRoute Behavior [ RunTime:0.022002s ]
INFO: [ route_check ] --END-- [ RunTime:0.023002s ]
INFO: [ app_begin ] --START--
INFO: Run ReadHtmlCache Behavior [ RunTime:0.001000s ]
INFO: [ app_begin ] --END-- [ RunTime:0.001000s ]
NOTIC: 建议使用I方法替代_param
NOTIC: 建议使用I方法替代_param
SQL: SHOW COLUMNS FROM `ns_product` [ RunTime:0.004000s ]
SQL: SELECT * FROM `ns_product` WHERE ( id = 3 )  [ RunTime:0.001000s ]
SQL: SELECT * FROM `ns_product` WHERE ( id = 5 )  [ RunTime:0.001000s ]
SQL: SELECT * FROM `ns_product` WHERE ( id = 7 )  [ RunTime:0.001000s ]
SQL: SELECT * FROM `ns_product` WHERE ( id = 10 )  [ RunTime:0.000000s ]
SQL: SELECT * FROM `ns_product` WHERE ( id = 12 )  [ RunTime:0.000000s ]
SQL: SELECT * FROM `ns_product` WHERE ( id = 14 )  [ RunTime:0.001000s ]
SQL: SELECT * FROM `ns_product` WHERE ( id = 16 )  [ RunTime:0.000000s ]
SQL: SELECT * FROM `ns_product` WHERE ( id = 18 )  [ RunTime:0.000000s ]
SQL: SELECT * FROM `ns_product` WHERE ( id = 21 )  [ RunTime:0.000000s ]
SQL: SELECT * FROM `ns_product` WHERE ( id = 22 )  [ RunTime:0.000000s ]

[ 2013-06-24T09:15:11+08:00 ] 127.0.0.1 /index/search
INFO: [ route_check ] --START--
INFO: Run CheckRoute Behavior [ RunTime:0.001001s ]
INFO: [ route_check ] --END-- [ RunTime:0.001001s ]
INFO: [ app_begin ] --START--
INFO: Run ReadHtmlCache Behavior [ RunTime:0.001000s ]
INFO: [ app_begin ] --END-- [ RunTime:0.001000s ]
SQL: SHOW COLUMNS FROM `ns_keywords` [ RunTime:0.029002s ]
NOTIC: 建议使用I方法替代_param
NOTIC: 建议使用I方法替代_param
SQL: SELECT * FROM `ns_keywords` WHERE ( `keyword` = '三星' )  [ RunTime:0.010001s ]
SQL: UPDATE `ns_keywords` SET `nums`=nums+1,`create_time`=UNIX_TIMESTAMP() WHERE ( id = 6 ) [ RunTime:0.085005s ]
SQL: SELECT `keyword`,`nums` FROM `ns_keywords` WHERE ( id = 6 AND nums > 10 AND `keyword` NOT IN ("三星") )  [ RunTime:0.000000s ]
NOTIC: [8] Undefined offset: 0 D:\www\test\PHP\NS\App\Modules\Web\Model\KeyWordsModel.class.php 第 66 行.
NOTIC: [8] Undefined offset: 1 D:\www\test\PHP\NS\App\Modules\Web\Model\KeyWordsModel.class.php 第 66 行.
SQL: SELECT `keyword`,`nums` FROM `ns_keywords` WHERE ( id = 90 AND nums > 10 AND `keyword` NOT IN ("三星") )  [ RunTime:0.001000s ]
NOTIC: [8] Undefined offset: 2 D:\www\test\PHP\NS\App\Modules\Web\Model\KeyWordsModel.class.php 第 66 行.
SQL: SELECT `keyword`,`nums` FROM `ns_keywords` WHERE ( id = 91 AND nums > 10 AND `keyword` NOT IN ("三星") )  [ RunTime:0.001000s ]
NOTIC: [8] Undefined offset: 2 D:\www\test\PHP\NS\App\Modules\Web\Model\KeyWordsModel.class.php 第 66 行.
NOTIC: [8] Undefined offset: 3 D:\www\test\PHP\NS\App\Modules\Web\Model\KeyWordsModel.class.php 第 66 行.
SQL: SELECT `keyword`,`nums` FROM `ns_keywords` WHERE ( id = 92 AND nums > 10 AND `keyword` NOT IN ("三星") )  [ RunTime:0.001000s ]
NOTIC: [8] Undefined offset: 4 D:\www\test\PHP\NS\App\Modules\Web\Model\KeyWordsModel.class.php 第 66 行.
SQL: SELECT `keyword`,`nums` FROM `ns_keywords` WHERE ( id = 93 AND nums > 10 AND `keyword` NOT IN ("三星") )  [ RunTime:0.000000s ]
NOTIC: [8] Undefined offset: 4 D:\www\test\PHP\NS\App\Modules\Web\Model\KeyWordsModel.class.php 第 66 行.
NOTIC: [8] Undefined offset: 5 D:\www\test\PHP\NS\App\Modules\Web\Model\KeyWordsModel.class.php 第 66 行.
SQL: SELECT `keyword`,`nums` FROM `ns_keywords` WHERE ( id = 94 AND nums > 10 AND `keyword` NOT IN ("三星") )  [ RunTime:0.000000s ]
NOTIC: [8] Undefined offset: 5 D:\www\test\PHP\NS\App\Modules\Web\Model\KeyWordsModel.class.php 第 66 行.
NOTIC: [8] Undefined offset: 6 D:\www\test\PHP\NS\App\Modules\Web\Model\KeyWordsModel.class.php 第 66 行.
SQL: SELECT `keyword`,`nums` FROM `ns_keywords` WHERE ( id = 97 AND nums > 10 AND `keyword` NOT IN ("三星") )  [ RunTime:0.001000s ]
NOTIC: [8] Undefined offset: 6 D:\www\test\PHP\NS\App\Modules\Web\Model\KeyWordsModel.class.php 第 66 行.
NOTIC: [8] Undefined offset: 7 D:\www\test\PHP\NS\App\Modules\Web\Model\KeyWordsModel.class.php 第 66 行.
SQL: SELECT `keyword`,`nums` FROM `ns_keywords` WHERE ( id = 98 AND nums > 10 AND `keyword` NOT IN ("三星") )  [ RunTime:0.000000s ]
NOTIC: [8] Undefined offset: 7 D:\www\test\PHP\NS\App\Modules\Web\Model\KeyWordsModel.class.php 第 66 行.
NOTIC: [8] Undefined offset: 8 D:\www\test\PHP\NS\App\Modules\Web\Model\KeyWordsModel.class.php 第 66 行.
SQL: SELECT `keyword`,`nums` FROM `ns_keywords` WHERE ( id = 99 AND nums > 10 AND `keyword` NOT IN ("三星") )  [ RunTime:0.000000s ]
NOTIC: [8] Undefined offset: 9 D:\www\test\PHP\NS\App\Modules\Web\Model\KeyWordsModel.class.php 第 66 行.

[ 2013-06-24T09:15:11+08:00 ] 127.0.0.1 /favicon.ico
INFO: [ route_check ] --START--
INFO: Run CheckRoute Behavior [ RunTime:0.001000s ]
INFO: [ route_check ] --END-- [ RunTime:0.001000s ]
INFO: [ app_begin ] --START--
INFO: Run ReadHtmlCache Behavior [ RunTime:0.000000s ]
INFO: [ app_begin ] --END-- [ RunTime:0.000000s ]
NOTIC: [8] Undefined variable: group D:\www\test\PHP\NS\library\Tlib\Lib\Core\App.class.php 第 120 行.
ERR: 无法加载模块:Favicon.ico

[ 2013-06-24T09:15:18+08:00 ] 127.0.0.1 /
INFO: [ app_begin ] --START--
INFO: Run ReadHtmlCache Behavior [ RunTime:0.001000s ]
INFO: [ app_begin ] --END-- [ RunTime:0.001000s ]

[ 2013-06-24T09:15:19+08:00 ] 127.0.0.1 /favicon.ico
INFO: [ route_check ] --START--
INFO: Run CheckRoute Behavior [ RunTime:0.001000s ]
INFO: [ route_check ] --END-- [ RunTime:0.001000s ]
INFO: [ app_begin ] --START--
INFO: Run ReadHtmlCache Behavior [ RunTime:0.000000s ]
INFO: [ app_begin ] --END-- [ RunTime:0.000000s ]
NOTIC: [8] Undefined variable: group D:\www\test\PHP\NS\library\Tlib\Lib\Core\App.class.php 第 120 行.
ERR: 无法加载模块:Favicon.ico

[ 2013-06-24T09:15:22+08:00 ] 127.0.0.1 /api/search/get.json?p=KIb6skTwg6KHpPdtrNthjikSLdv8UOH%2Fg63xNxwahJQ6gevpxaIZALEYFw9j61VTGBM1fhNh0AECBVbvd3sJLQ%3D%3D
INFO: [ route_check ] --START--
INFO: Run CheckRoute Behavior [ RunTime:0.001000s ]
INFO: [ route_check ] --END-- [ RunTime:0.001000s ]
INFO: [ app_begin ] --START--
INFO: Run ReadHtmlCache Behavior [ RunTime:0.001000s ]
INFO: [ app_begin ] --END-- [ RunTime:0.001000s ]
NOTIC: 建议使用I方法替代_param
NOTIC: 建议使用I方法替代_param
SQL: SHOW COLUMNS FROM `ns_product` [ RunTime:0.003000s ]
SQL: SELECT * FROM `ns_product` WHERE ( id = 3 )  [ RunTime:0.000000s ]
SQL: SELECT * FROM `ns_product` WHERE ( id = 5 )  [ RunTime:0.001000s ]
SQL: SELECT * FROM `ns_product` WHERE ( id = 7 )  [ RunTime:0.000000s ]
SQL: SELECT * FROM `ns_product` WHERE ( id = 10 )  [ RunTime:0.000000s ]
SQL: SELECT * FROM `ns_product` WHERE ( id = 12 )  [ RunTime:0.000000s ]
SQL: SELECT * FROM `ns_product` WHERE ( id = 14 )  [ RunTime:0.000000s ]
SQL: SELECT * FROM `ns_product` WHERE ( id = 16 )  [ RunTime:0.000000s ]
SQL: SELECT * FROM `ns_product` WHERE ( id = 18 )  [ RunTime:0.000000s ]
SQL: SELECT * FROM `ns_product` WHERE ( id = 21 )  [ RunTime:0.001000s ]
SQL: SELECT * FROM `ns_product` WHERE ( id = 22 )  [ RunTime:0.000000s ]

[ 2013-06-24T09:15:22+08:00 ] 127.0.0.1 /index/search
INFO: [ route_check ] --START--
INFO: Run CheckRoute Behavior [ RunTime:0.003000s ]
INFO: [ route_check ] --END-- [ RunTime:0.003000s ]
INFO: [ app_begin ] --START--
INFO: Run ReadHtmlCache Behavior [ RunTime:0.001000s ]
INFO: [ app_begin ] --END-- [ RunTime:0.001000s ]
SQL: SHOW COLUMNS FROM `ns_keywords` [ RunTime:0.003000s ]
NOTIC: 建议使用I方法替代_param
NOTIC: 建议使用I方法替代_param
SQL: SELECT * FROM `ns_keywords` WHERE ( `keyword` = '三星' )  [ RunTime:0.001000s ]
SQL: UPDATE `ns_keywords` SET `nums`=nums+1,`create_time`=UNIX_TIMESTAMP() WHERE ( id = 6 ) [ RunTime:0.035002s ]

[ 2013-06-24T09:15:22+08:00 ] 127.0.0.1 /favicon.ico
INFO: [ route_check ] --START--
INFO: Run CheckRoute Behavior [ RunTime:0.001000s ]
INFO: [ route_check ] --END-- [ RunTime:0.001000s ]
INFO: [ app_begin ] --START--
INFO: Run ReadHtmlCache Behavior [ RunTime:0.000000s ]
INFO: [ app_begin ] --END-- [ RunTime:0.001000s ]
NOTIC: [8] Undefined variable: group D:\www\test\PHP\NS\library\Tlib\Lib\Core\App.class.php 第 120 行.
ERR: 无法加载模块:Favicon.ico

[ 2013-06-24T09:15:30+08:00 ] 127.0.0.1 /
INFO: [ app_begin ] --START--
INFO: Run ReadHtmlCache Behavior [ RunTime:0.001000s ]
INFO: [ app_begin ] --END-- [ RunTime:0.001000s ]

[ 2013-06-24T09:15:30+08:00 ] 127.0.0.1 /favicon.ico
INFO: [ route_check ] --START--
INFO: Run CheckRoute Behavior [ RunTime:0.001000s ]
INFO: [ route_check ] --END-- [ RunTime:0.001000s ]
INFO: [ app_begin ] --START--
INFO: Run ReadHtmlCache Behavior [ RunTime:0.000000s ]
INFO: [ app_begin ] --END-- [ RunTime:0.000000s ]
NOTIC: [8] Undefined variable: group D:\www\test\PHP\NS\library\Tlib\Lib\Core\App.class.php 第 120 行.
ERR: 无法加载模块:Favicon.ico

[ 2013-06-24T09:15:33+08:00 ] 127.0.0.1 /api/search/get.json?p=KIb6skTwg6KHpPdtrNthjikSLdv8UOH%2Fg63xNxwahJQ6gevpxaIZALEYFw9j61VTGBM1fhNh0AECBVbvd3sJLQ%3D%3D
INFO: [ route_check ] --START--
INFO: Run CheckRoute Behavior [ RunTime:0.001001s ]
INFO: [ route_check ] --END-- [ RunTime:0.002001s ]
INFO: [ app_begin ] --START--
INFO: Run ReadHtmlCache Behavior [ RunTime:0.001000s ]
INFO: [ app_begin ] --END-- [ RunTime:0.001000s ]
NOTIC: 建议使用I方法替代_param
NOTIC: 建议使用I方法替代_param
SQL: SHOW COLUMNS FROM `ns_product` [ RunTime:0.002000s ]
SQL: SELECT * FROM `ns_product` WHERE ( id = 3 )  [ RunTime:0.000000s ]
SQL: SELECT * FROM `ns_product` WHERE ( id = 5 )  [ RunTime:0.001000s ]
SQL: SELECT * FROM `ns_product` WHERE ( id = 7 )  [ RunTime:0.000000s ]
SQL: SELECT * FROM `ns_product` WHERE ( id = 10 )  [ RunTime:0.000000s ]
SQL: SELECT * FROM `ns_product` WHERE ( id = 12 )  [ RunTime:0.000000s ]
SQL: SELECT * FROM `ns_product` WHERE ( id = 14 )  [ RunTime:0.000000s ]
SQL: SELECT * FROM `ns_product` WHERE ( id = 16 )  [ RunTime:0.000000s ]
SQL: SELECT * FROM `ns_product` WHERE ( id = 18 )  [ RunTime:0.000000s ]
SQL: SELECT * FROM `ns_product` WHERE ( id = 21 )  [ RunTime:0.001000s ]
SQL: SELECT * FROM `ns_product` WHERE ( id = 22 )  [ RunTime:0.000000s ]

[ 2013-06-24T09:15:33+08:00 ] 127.0.0.1 /index/search
INFO: [ route_check ] --START--
INFO: Run CheckRoute Behavior [ RunTime:0.001000s ]
INFO: [ route_check ] --END-- [ RunTime:0.001000s ]
INFO: [ app_begin ] --START--
INFO: Run ReadHtmlCache Behavior [ RunTime:0.001000s ]
INFO: [ app_begin ] --END-- [ RunTime:0.001000s ]
SQL: SHOW COLUMNS FROM `ns_keywords` [ RunTime:0.002000s ]
NOTIC: 建议使用I方法替代_param
NOTIC: 建议使用I方法替代_param
SQL: SELECT * FROM `ns_keywords` WHERE ( `keyword` = '三星' )  [ RunTime:0.001000s ]
SQL: UPDATE `ns_keywords` SET `nums`=nums+1,`create_time`=UNIX_TIMESTAMP() WHERE ( id = 6 ) [ RunTime:0.082004s ]

[ 2013-06-24T09:15:33+08:00 ] 127.0.0.1 /favicon.ico
INFO: [ route_check ] --START--
INFO: Run CheckRoute Behavior [ RunTime:0.001000s ]
INFO: [ route_check ] --END-- [ RunTime:0.001000s ]
INFO: [ app_begin ] --START--
INFO: Run ReadHtmlCache Behavior [ RunTime:0.000000s ]
INFO: [ app_begin ] --END-- [ RunTime:0.000000s ]
NOTIC: [8] Undefined variable: group D:\www\test\PHP\NS\library\Tlib\Lib\Core\App.class.php 第 120 行.
ERR: 无法加载模块:Favicon.ico

[ 2013-06-24T09:17:39+08:00 ] 127.0.0.1 /api/search/get.json?p=KIb6skTwg6KHpPdtrNthjikSLdv8UOH%2Fg63xNxwahJQ6gevpxaIZALEYFw9j61VTGBM1fhNh0AECBVbvd3sJLQ%3D%3D
INFO: [ route_check ] --START--
INFO: Run CheckRoute Behavior [ RunTime:0.001000s ]
INFO: [ route_check ] --END-- [ RunTime:0.001000s ]
INFO: [ app_begin ] --START--
INFO: Run ReadHtmlCache Behavior [ RunTime:0.001000s ]
INFO: [ app_begin ] --END-- [ RunTime:0.001000s ]
NOTIC: 建议使用I方法替代_param
NOTIC: 建议使用I方法替代_param
SQL: SHOW COLUMNS FROM `ns_product` [ RunTime:0.003001s ]
SQL: SELECT * FROM `ns_product` WHERE ( id = 3 )  [ RunTime:0.000000s ]
SQL: SELECT * FROM `ns_product` WHERE ( id = 5 )  [ RunTime:0.001000s ]
SQL: SELECT * FROM `ns_product` WHERE ( id = 7 )  [ RunTime:0.000000s ]
SQL: SELECT * FROM `ns_product` WHERE ( id = 10 )  [ RunTime:0.001000s ]
SQL: SELECT * FROM `ns_product` WHERE ( id = 12 )  [ RunTime:0.000000s ]
SQL: SELECT * FROM `ns_product` WHERE ( id = 14 )  [ RunTime:0.000000s ]
SQL: SELECT * FROM `ns_product` WHERE ( id = 16 )  [ RunTime:0.000000s ]
SQL: SELECT * FROM `ns_product` WHERE ( id = 18 )  [ RunTime:0.000000s ]
SQL: SELECT * FROM `ns_product` WHERE ( id = 21 )  [ RunTime:0.000000s ]
SQL: SELECT * FROM `ns_product` WHERE ( id = 22 )  [ RunTime:0.000000s ]

[ 2013-06-24T09:17:39+08:00 ] 127.0.0.1 /index/search
INFO: [ route_check ] --START--
INFO: Run CheckRoute Behavior [ RunTime:0.001000s ]
INFO: [ route_check ] --END-- [ RunTime:0.001000s ]
INFO: [ app_begin ] --START--
INFO: Run ReadHtmlCache Behavior [ RunTime:0.001000s ]
INFO: [ app_begin ] --END-- [ RunTime:0.001000s ]
SQL: SHOW COLUMNS FROM `ns_keywords` [ RunTime:0.002000s ]
NOTIC: 建议使用I方法替代_param
NOTIC: 建议使用I方法替代_param
SQL: SELECT * FROM `ns_keywords` WHERE ( `keyword` = '三星' )  [ RunTime:0.000000s ]
SQL: UPDATE `ns_keywords` SET `nums`=nums+1,`create_time`=UNIX_TIMESTAMP() WHERE ( id = 6 ) [ RunTime:0.025001s ]

[ 2013-06-24T09:17:39+08:00 ] 127.0.0.1 /favicon.ico
INFO: [ route_check ] --START--
INFO: Run CheckRoute Behavior [ RunTime:0.000000s ]
INFO: [ route_check ] --END-- [ RunTime:0.000000s ]
INFO: [ app_begin ] --START--
INFO: Run ReadHtmlCache Behavior [ RunTime:0.001000s ]
INFO: [ app_begin ] --END-- [ RunTime:0.001000s ]
NOTIC: [8] Undefined variable: group D:\www\test\PHP\NS\library\Tlib\Lib\Core\App.class.php 第 120 行.
ERR: 无法加载模块:Favicon.ico

[ 2013-06-24T09:17:43+08:00 ] 127.0.0.1 /api/search/get.json?p=KIb6skTwg6KHpPdtrNthjikSLdv8UOH%2Fg63xNxwahJQ6gevpxaIZALEYFw9j61VTGBM1fhNh0AECBVbvd3sJLQ%3D%3D
INFO: [ route_check ] --START--
INFO: Run CheckRoute Behavior [ RunTime:0.001000s ]
INFO: [ route_check ] --END-- [ RunTime:0.001000s ]
INFO: [ app_begin ] --START--
INFO: Run ReadHtmlCache Behavior [ RunTime:0.001000s ]
INFO: [ app_begin ] --END-- [ RunTime:0.001000s ]
NOTIC: 建议使用I方法替代_param
NOTIC: 建议使用I方法替代_param
SQL: SHOW COLUMNS FROM `ns_product` [ RunTime:0.002000s ]
SQL: SELECT * FROM `ns_product` WHERE ( id = 3 )  [ RunTime:0.000000s ]
SQL: SELECT * FROM `ns_product` WHERE ( id = 5 )  [ RunTime:0.000000s ]
SQL: SELECT * FROM `ns_product` WHERE ( id = 7 )  [ RunTime:0.000000s ]
SQL: SELECT * FROM `ns_product` WHERE ( id = 10 )  [ RunTime:0.000000s ]
SQL: SELECT * FROM `ns_product` WHERE ( id = 12 )  [ RunTime:0.000000s ]
SQL: SELECT * FROM `ns_product` WHERE ( id = 14 )  [ RunTime:0.000000s ]
SQL: SELECT * FROM `ns_product` WHERE ( id = 16 )  [ RunTime:0.000000s ]
SQL: SELECT * FROM `ns_product` WHERE ( id = 18 )  [ RunTime:0.000000s ]
SQL: SELECT * FROM `ns_product` WHERE ( id = 21 )  [ RunTime:0.000000s ]
SQL: SELECT * FROM `ns_product` WHERE ( id = 22 )  [ RunTime:0.000000s ]

[ 2013-06-24T09:17:43+08:00 ] 127.0.0.1 /index/search
INFO: [ route_check ] --START--
INFO: Run CheckRoute Behavior [ RunTime:0.002000s ]
INFO: [ route_check ] --END-- [ RunTime:0.002000s ]
INFO: [ app_begin ] --START--
INFO: Run ReadHtmlCache Behavior [ RunTime:0.001000s ]
INFO: [ app_begin ] --END-- [ RunTime:0.001000s ]
SQL: SHOW COLUMNS FROM `ns_keywords` [ RunTime:0.002000s ]
NOTIC: 建议使用I方法替代_param
NOTIC: 建议使用I方法替代_param
SQL: SELECT * FROM `ns_keywords` WHERE ( `keyword` = '三星' )  [ RunTime:0.000000s ]
SQL: UPDATE `ns_keywords` SET `nums`=nums+1,`create_time`=UNIX_TIMESTAMP() WHERE ( id = 6 ) [ RunTime:0.024002s ]

[ 2013-06-24T09:17:43+08:00 ] 127.0.0.1 /favicon.ico
INFO: [ route_check ] --START--
INFO: Run CheckRoute Behavior [ RunTime:0.000000s ]
INFO: [ route_check ] --END-- [ RunTime:0.001000s ]
INFO: [ app_begin ] --START--
INFO: Run ReadHtmlCache Behavior [ RunTime:0.001000s ]
INFO: [ app_begin ] --END-- [ RunTime:0.001000s ]
NOTIC: [8] Undefined variable: group D:\www\test\PHP\NS\library\Tlib\Lib\Core\App.class.php 第 120 行.
ERR: 无法加载模块:Favicon.ico

[ 2013-06-24T09:17:47+08:00 ] 127.0.0.1 /
INFO: [ app_begin ] --START--
INFO: Run ReadHtmlCache Behavior [ RunTime:0.000000s ]
INFO: [ app_begin ] --END-- [ RunTime:0.001001s ]

[ 2013-06-24T09:17:48+08:00 ] 127.0.0.1 /favicon.ico
INFO: [ route_check ] --START--
INFO: Run CheckRoute Behavior [ RunTime:0.000000s ]
INFO: [ route_check ] --END-- [ RunTime:0.000000s ]
INFO: [ app_begin ] --START--
INFO: Run ReadHtmlCache Behavior [ RunTime:0.001000s ]
INFO: [ app_begin ] --END-- [ RunTime:0.001000s ]
NOTIC: [8] Undefined variable: group D:\www\test\PHP\NS\library\Tlib\Lib\Core\App.class.php 第 120 行.
ERR: 无法加载模块:Favicon.ico

[ 2013-06-24T09:17:52+08:00 ] 127.0.0.1 /api/search/get.json?p=KIb6skTwg6KHpPdtrNthjrAdT1yIXd0brbRAnWS9ZVC0g11YvC6nbgq61wpeGCEj%2FR8Tu7jzAGg%3D
INFO: [ route_check ] --START--
INFO: Run CheckRoute Behavior [ RunTime:0.001000s ]
INFO: [ route_check ] --END-- [ RunTime:0.001000s ]
INFO: [ app_begin ] --START--
INFO: Run ReadHtmlCache Behavior [ RunTime:0.000000s ]
INFO: [ app_begin ] --END-- [ RunTime:0.000000s ]
NOTIC: 建议使用I方法替代_param
NOTIC: 建议使用I方法替代_param
SQL: SHOW COLUMNS FROM `ns_product` [ RunTime:0.004000s ]
SQL: SELECT * FROM `ns_product` WHERE ( id = 2 )  [ RunTime:0.000000s ]
SQL: SELECT * FROM `ns_product` WHERE ( id = 27 )  [ RunTime:0.000000s ]
SQL: SELECT * FROM `ns_product` WHERE ( id = 34 )  [ RunTime:0.001000s ]
SQL: SELECT * FROM `ns_product` WHERE ( id = 317 )  [ RunTime:0.000000s ]
SQL: SELECT * FROM `ns_product` WHERE ( id = 409 )  [ RunTime:0.000000s ]
SQL: SELECT * FROM `ns_product` WHERE ( id = 427 )  [ RunTime:0.001000s ]
SQL: SELECT * FROM `ns_product` WHERE ( id = 484 )  [ RunTime:0.000000s ]
SQL: SELECT * FROM `ns_product` WHERE ( id = 648 )  [ RunTime:0.001000s ]
SQL: SELECT * FROM `ns_product` WHERE ( id = 728 )  [ RunTime:0.000000s ]
SQL: SELECT * FROM `ns_product` WHERE ( id = 735 )  [ RunTime:0.001000s ]

[ 2013-06-24T09:17:52+08:00 ] 127.0.0.1 /index/search
INFO: [ route_check ] --START--
INFO: Run CheckRoute Behavior [ RunTime:0.001000s ]
INFO: [ route_check ] --END-- [ RunTime:0.001000s ]
INFO: [ app_begin ] --START--
INFO: Run ReadHtmlCache Behavior [ RunTime:0.000000s ]
INFO: [ app_begin ] --END-- [ RunTime:0.000000s ]
SQL: SHOW COLUMNS FROM `ns_keywords` [ RunTime:0.002001s ]
NOTIC: 建议使用I方法替代_param
NOTIC: 建议使用I方法替代_param
SQL: SELECT * FROM `ns_keywords` WHERE ( `keyword` = 'iphone' )  [ RunTime:0.000000s ]
SQL: UPDATE `ns_keywords` SET `nums`=nums+1,`create_time`=UNIX_TIMESTAMP() WHERE ( id = 1 ) [ RunTime:0.016001s ]
SQL: SELECT `keyword`,`nums` FROM `ns_keywords` WHERE ( id = 1 AND nums > 10 AND `keyword` NOT IN ("iphone") )  [ RunTime:0.001000s ]
NOTIC: [8] Undefined offset: 0 D:\www\test\PHP\NS\App\Modules\Web\Model\KeyWordsModel.class.php 第 66 行.
NOTIC: [8] Undefined offset: 1 D:\www\test\PHP\NS\App\Modules\Web\Model\KeyWordsModel.class.php 第 66 行.

[ 2013-06-24T09:17:52+08:00 ] 127.0.0.1 /favicon.ico
INFO: [ route_check ] --START--
INFO: Run CheckRoute Behavior [ RunTime:0.001000s ]
INFO: [ route_check ] --END-- [ RunTime:0.001000s ]
INFO: [ app_begin ] --START--
INFO: Run ReadHtmlCache Behavior [ RunTime:0.001000s ]
INFO: [ app_begin ] --END-- [ RunTime:0.001000s ]
NOTIC: [8] Undefined variable: group D:\www\test\PHP\NS\library\Tlib\Lib\Core\App.class.php 第 120 行.
ERR: 无法加载模块:Favicon.ico

[ 2013-06-24T09:17:56+08:00 ] 127.0.0.1 /api/search/get.json?p=KIb6skTwg6KHpPdtrNthjrAdT1yIXd0brbRAnWS9ZVC0g11YvC6nbgq61wpeGCEj%2FR8Tu7jzAGg%3D
INFO: [ route_check ] --START--
INFO: Run CheckRoute Behavior [ RunTime:0.001000s ]
INFO: [ route_check ] --END-- [ RunTime:0.001000s ]
INFO: [ app_begin ] --START--
INFO: Run ReadHtmlCache Behavior [ RunTime:0.000000s ]
INFO: [ app_begin ] --END-- [ RunTime:0.000000s ]
NOTIC: 建议使用I方法替代_param
NOTIC: 建议使用I方法替代_param
SQL: SHOW COLUMNS FROM `ns_product` [ RunTime:0.004000s ]
SQL: SELECT * FROM `ns_product` WHERE ( id = 2 )  [ RunTime:0.000000s ]
SQL: SELECT * FROM `ns_product` WHERE ( id = 27 )  [ RunTime:0.000000s ]
SQL: SELECT * FROM `ns_product` WHERE ( id = 34 )  [ RunTime:0.001000s ]
SQL: SELECT * FROM `ns_product` WHERE ( id = 317 )  [ RunTime:0.000000s ]
SQL: SELECT * FROM `ns_product` WHERE ( id = 409 )  [ RunTime:0.000000s ]
SQL: SELECT * FROM `ns_product` WHERE ( id = 427 )  [ RunTime:0.000000s ]
SQL: SELECT * FROM `ns_product` WHERE ( id = 484 )  [ RunTime:0.001000s ]
SQL: SELECT * FROM `ns_product` WHERE ( id = 648 )  [ RunTime:0.000000s ]
SQL: SELECT * FROM `ns_product` WHERE ( id = 728 )  [ RunTime:0.000000s ]
SQL: SELECT * FROM `ns_product` WHERE ( id = 735 )  [ RunTime:0.000000s ]

[ 2013-06-24T09:17:56+08:00 ] 127.0.0.1 /index/search
INFO: [ route_check ] --START--
INFO: Run CheckRoute Behavior [ RunTime:0.001000s ]
INFO: [ route_check ] --END-- [ RunTime:0.002000s ]
INFO: [ app_begin ] --START--
INFO: Run ReadHtmlCache Behavior [ RunTime:0.001000s ]
INFO: [ app_begin ] --END-- [ RunTime:0.001000s ]
SQL: SHOW COLUMNS FROM `ns_keywords` [ RunTime:0.002000s ]
NOTIC: 建议使用I方法替代_param
NOTIC: 建议使用I方法替代_param
SQL: SELECT * FROM `ns_keywords` WHERE ( `keyword` = 'iphone' )  [ RunTime:0.000000s ]
SQL: UPDATE `ns_keywords` SET `nums`=nums+1,`create_time`=UNIX_TIMESTAMP() WHERE ( id = 1 ) [ RunTime:0.035002s ]

[ 2013-06-24T09:17:56+08:00 ] 127.0.0.1 /favicon.ico
INFO: [ route_check ] --START--
INFO: Run CheckRoute Behavior [ RunTime:0.001000s ]
INFO: [ route_check ] --END-- [ RunTime:0.001000s ]
INFO: [ app_begin ] --START--
INFO: Run ReadHtmlCache Behavior [ RunTime:0.000000s ]
INFO: [ app_begin ] --END-- [ RunTime:0.000000s ]
NOTIC: [8] Undefined variable: group D:\www\test\PHP\NS\library\Tlib\Lib\Core\App.class.php 第 120 行.
ERR: 无法加载模块:Favicon.ico

[ 2013-06-24T09:18:00+08:00 ] 127.0.0.1 /api/search/get.json?p=KIb6skTwg6KHpPdtrNthjrAdT1yIXd0brbRAnWS9ZVC0g11YvC6nbgq61wpeGCEj%2FR8Tu7jzAGg%3D
INFO: [ route_check ] --START--
INFO: Run CheckRoute Behavior [ RunTime:0.001000s ]
INFO: [ route_check ] --END-- [ RunTime:0.001000s ]
INFO: [ app_begin ] --START--
INFO: Run ReadHtmlCache Behavior [ RunTime:0.000000s ]
INFO: [ app_begin ] --END-- [ RunTime:0.000000s ]
NOTIC: 建议使用I方法替代_param
NOTIC: 建议使用I方法替代_param
SQL: SHOW COLUMNS FROM `ns_product` [ RunTime:0.002000s ]
SQL: SELECT * FROM `ns_product` WHERE ( id = 2 )  [ RunTime:0.001001s ]
SQL: SELECT * FROM `ns_product` WHERE ( id = 27 )  [ RunTime:0.000000s ]
SQL: SELECT * FROM `ns_product` WHERE ( id = 34 )  [ RunTime:0.000000s ]
SQL: SELECT * FROM `ns_product` WHERE ( id = 317 )  [ RunTime:0.000000s ]
SQL: SELECT * FROM `ns_product` WHERE ( id = 409 )  [ RunTime:0.001000s ]
SQL: SELECT * FROM `ns_product` WHERE ( id = 427 )  [ RunTime:0.000000s ]
SQL: SELECT * FROM `ns_product` WHERE ( id = 484 )  [ RunTime:0.000000s ]
SQL: SELECT * FROM `ns_product` WHERE ( id = 648 )  [ RunTime:0.001000s ]
SQL: SELECT * FROM `ns_product` WHERE ( id = 728 )  [ RunTime:0.000000s ]
SQL: SELECT * FROM `ns_product` WHERE ( id = 735 )  [ RunTime:0.000000s ]

[ 2013-06-24T09:18:00+08:00 ] 127.0.0.1 /index/search
INFO: [ route_check ] --START--
INFO: Run CheckRoute Behavior [ RunTime:0.002000s ]
INFO: [ route_check ] --END-- [ RunTime:0.002000s ]
INFO: [ app_begin ] --START--
INFO: Run ReadHtmlCache Behavior [ RunTime:0.001000s ]
INFO: [ app_begin ] --END-- [ RunTime:0.001000s ]
SQL: SHOW COLUMNS FROM `ns_keywords` [ RunTime:0.002000s ]
NOTIC: 建议使用I方法替代_param
NOTIC: 建议使用I方法替代_param
SQL: SELECT * FROM `ns_keywords` WHERE ( `keyword` = 'iphone' )  [ RunTime:0.000000s ]
SQL: UPDATE `ns_keywords` SET `nums`=nums+1,`create_time`=UNIX_TIMESTAMP() WHERE ( id = 1 ) [ RunTime:0.033002s ]

[ 2013-06-24T09:18:00+08:00 ] 127.0.0.1 /favicon.ico
INFO: [ route_check ] --START--
INFO: Run CheckRoute Behavior [ RunTime:0.001000s ]
INFO: [ route_check ] --END-- [ RunTime:0.001000s ]
INFO: [ app_begin ] --START--
INFO: Run ReadHtmlCache Behavior [ RunTime:0.000000s ]
INFO: [ app_begin ] --END-- [ RunTime:0.000000s ]
NOTIC: [8] Undefined variable: group D:\www\test\PHP\NS\library\Tlib\Lib\Core\App.class.php 第 120 行.
ERR: 无法加载模块:Favicon.ico

[ 2013-06-24T09:18:03+08:00 ] 127.0.0.1 /api/search/get.json?p=KIb6skTwg6KHpPdtrNthjrAdT1yIXd0brbRAnWS9ZVC0g11YvC6nbgq61wpeGCEj%2FR8Tu7jzAGg%3D
INFO: [ route_check ] --START--
INFO: Run CheckRoute Behavior [ RunTime:0.001000s ]
INFO: [ route_check ] --END-- [ RunTime:0.001000s ]
INFO: [ app_begin ] --START--
INFO: Run ReadHtmlCache Behavior [ RunTime:0.000000s ]
INFO: [ app_begin ] --END-- [ RunTime:0.000000s ]
NOTIC: 建议使用I方法替代_param
NOTIC: 建议使用I方法替代_param
SQL: SHOW COLUMNS FROM `ns_product` [ RunTime:0.002000s ]
SQL: SELECT * FROM `ns_product` WHERE ( id = 2 )  [ RunTime:0.000000s ]
SQL: SELECT * FROM `ns_product` WHERE ( id = 27 )  [ RunTime:0.000000s ]
SQL: SELECT * FROM `ns_product` WHERE ( id = 34 )  [ RunTime:0.001000s ]
SQL: SELECT * FROM `ns_product` WHERE ( id = 317 )  [ RunTime:0.000000s ]
SQL: SELECT * FROM `ns_product` WHERE ( id = 409 )  [ RunTime:0.000000s ]
SQL: SELECT * FROM `ns_product` WHERE ( id = 427 )  [ RunTime:0.000000s ]
SQL: SELECT * FROM `ns_product` WHERE ( id = 484 )  [ RunTime:0.000000s ]
SQL: SELECT * FROM `ns_product` WHERE ( id = 648 )  [ RunTime:0.000000s ]
SQL: SELECT * FROM `ns_product` WHERE ( id = 728 )  [ RunTime:0.000000s ]
SQL: SELECT * FROM `ns_product` WHERE ( id = 735 )  [ RunTime:0.000000s ]

[ 2013-06-24T09:18:03+08:00 ] 127.0.0.1 /index/search
INFO: [ route_check ] --START--
INFO: Run CheckRoute Behavior [ RunTime:0.000000s ]
INFO: [ route_check ] --END-- [ RunTime:0.000000s ]
INFO: [ app_begin ] --START--
INFO: Run ReadHtmlCache Behavior [ RunTime:0.000000s ]
INFO: [ app_begin ] --END-- [ RunTime:0.000000s ]
SQL: SHOW COLUMNS FROM `ns_keywords` [ RunTime:0.002000s ]
NOTIC: 建议使用I方法替代_param
NOTIC: 建议使用I方法替代_param
SQL: SELECT * FROM `ns_keywords` WHERE ( `keyword` = 'iphone' )  [ RunTime:0.000000s ]
SQL: UPDATE `ns_keywords` SET `nums`=nums+1,`create_time`=UNIX_TIMESTAMP() WHERE ( id = 1 ) [ RunTime:0.029002s ]
SQL: SELECT `keyword`,`nums` FROM `ns_keywords` WHERE ( id = 1 AND nums > 10 AND `keyword` NOT IN ("iphone") )  [ RunTime:0.000000s ]
NOTIC: [8] Undefined offset: 0 D:\www\test\PHP\NS\App\Modules\Web\Model\KeyWordsModel.class.php 第 66 行.
NOTIC: [8] Undefined offset: 1 D:\www\test\PHP\NS\App\Modules\Web\Model\KeyWordsModel.class.php 第 66 行.

[ 2013-06-24T09:18:03+08:00 ] 127.0.0.1 /favicon.ico
INFO: [ route_check ] --START--
INFO: Run CheckRoute Behavior [ RunTime:0.001000s ]
INFO: [ route_check ] --END-- [ RunTime:0.001000s ]
INFO: [ app_begin ] --START--
INFO: Run ReadHtmlCache Behavior [ RunTime:0.001000s ]
INFO: [ app_begin ] --END-- [ RunTime:0.001000s ]
NOTIC: [8] Undefined variable: group D:\www\test\PHP\NS\library\Tlib\Lib\Core\App.class.php 第 120 行.
ERR: 无法加载模块:Favicon.ico

[ 2013-06-24T09:18:05+08:00 ] 127.0.0.1 /api/search/get.json?p=KIb6skTwg6KHpPdtrNthjrAdT1yIXd0brbRAnWS9ZVC0g11YvC6nbgq61wpeGCEj%2FR8Tu7jzAGg%3D
INFO: [ route_check ] --START--
INFO: Run CheckRoute Behavior [ RunTime:0.001000s ]
INFO: [ route_check ] --END-- [ RunTime:0.001000s ]
INFO: [ app_begin ] --START--
INFO: Run ReadHtmlCache Behavior [ RunTime:0.001001s ]
INFO: [ app_begin ] --END-- [ RunTime:0.001001s ]
NOTIC: 建议使用I方法替代_param
NOTIC: 建议使用I方法替代_param
SQL: SHOW COLUMNS FROM `ns_product` [ RunTime:0.002000s ]
SQL: SELECT * FROM `ns_product` WHERE ( id = 2 )  [ RunTime:0.000000s ]
SQL: SELECT * FROM `ns_product` WHERE ( id = 27 )  [ RunTime:0.001001s ]
SQL: SELECT * FROM `ns_product` WHERE ( id = 34 )  [ RunTime:0.000000s ]
SQL: SELECT * FROM `ns_product` WHERE ( id = 317 )  [ RunTime:0.001000s ]
SQL: SELECT * FROM `ns_product` WHERE ( id = 409 )  [ RunTime:0.000000s ]
SQL: SELECT * FROM `ns_product` WHERE ( id = 427 )  [ RunTime:0.001000s ]
SQL: SELECT * FROM `ns_product` WHERE ( id = 484 )  [ RunTime:0.000000s ]
SQL: SELECT * FROM `ns_product` WHERE ( id = 648 )  [ RunTime:0.000000s ]
SQL: SELECT * FROM `ns_product` WHERE ( id = 728 )  [ RunTime:0.000000s ]
SQL: SELECT * FROM `ns_product` WHERE ( id = 735 )  [ RunTime:0.000000s ]

[ 2013-06-24T09:18:05+08:00 ] 127.0.0.1 /index/search
INFO: [ route_check ] --START--
INFO: Run CheckRoute Behavior [ RunTime:0.002000s ]
INFO: [ route_check ] --END-- [ RunTime:0.002000s ]
INFO: [ app_begin ] --START--
INFO: Run ReadHtmlCache Behavior [ RunTime:0.000000s ]
INFO: [ app_begin ] --END-- [ RunTime:0.000000s ]
SQL: SHOW COLUMNS FROM `ns_keywords` [ RunTime:0.002000s ]
NOTIC: 建议使用I方法替代_param
NOTIC: 建议使用I方法替代_param
SQL: SELECT * FROM `ns_keywords` WHERE ( `keyword` = 'iphone' )  [ RunTime:0.000000s ]
SQL: UPDATE `ns_keywords` SET `nums`=nums+1,`create_time`=UNIX_TIMESTAMP() WHERE ( id = 1 ) [ RunTime:0.033002s ]

[ 2013-06-24T09:18:05+08:00 ] 127.0.0.1 /favicon.ico
INFO: [ route_check ] --START--
INFO: Run CheckRoute Behavior [ RunTime:0.001000s ]
INFO: [ route_check ] --END-- [ RunTime:0.001000s ]
INFO: [ app_begin ] --START--
INFO: Run ReadHtmlCache Behavior [ RunTime:0.000000s ]
INFO: [ app_begin ] --END-- [ RunTime:0.000000s ]
NOTIC: [8] Undefined variable: group D:\www\test\PHP\NS\library\Tlib\Lib\Core\App.class.php 第 120 行.
ERR: 无法加载模块:Favicon.ico

[ 2013-06-24T09:18:19+08:00 ] 127.0.0.1 /
INFO: [ app_begin ] --START--
INFO: Run ReadHtmlCache Behavior [ RunTime:0.001000s ]
INFO: [ app_begin ] --END-- [ RunTime:0.001000s ]

[ 2013-06-24T09:18:20+08:00 ] 127.0.0.1 /favicon.ico
INFO: [ route_check ] --START--
INFO: Run CheckRoute Behavior [ RunTime:0.000000s ]
INFO: [ route_check ] --END-- [ RunTime:0.001000s ]
INFO: [ app_begin ] --START--
INFO: Run ReadHtmlCache Behavior [ RunTime:0.001000s ]
INFO: [ app_begin ] --END-- [ RunTime:0.001000s ]
NOTIC: [8] Undefined variable: group D:\www\test\PHP\NS\library\Tlib\Lib\Core\App.class.php 第 120 行.
ERR: 无法加载模块:Favicon.ico

[ 2013-06-24T09:19:54+08:00 ] 127.0.0.1 /
INFO: [ app_begin ] --START--
INFO: Run ReadHtmlCache Behavior [ RunTime:0.000000s ]
INFO: [ app_begin ] --END-- [ RunTime:0.001000s ]

[ 2013-06-24T09:19:54+08:00 ] 127.0.0.1 /favicon.ico
INFO: [ route_check ] --START--
INFO: Run CheckRoute Behavior [ RunTime:0.001000s ]
INFO: [ route_check ] --END-- [ RunTime:0.001000s ]
INFO: [ app_begin ] --START--
INFO: Run ReadHtmlCache Behavior [ RunTime:0.001000s ]
INFO: [ app_begin ] --END-- [ RunTime:0.001000s ]
NOTIC: [8] Undefined variable: group D:\www\test\PHP\NS\library\Tlib\Lib\Core\App.class.php 第 120 行.
ERR: 无法加载模块:Favicon.ico

[ 2013-06-24T09:19:58+08:00 ] 127.0.0.1 /api/search/get.json?p=KIb6skTwg6KHpPdtrNthjrAdT1yIXd0brbRAnWS9ZVC0g11YvC6nbgq61wpeGCEj%2FR8Tu7jzAGg%3D
INFO: [ route_check ] --START--
INFO: Run CheckRoute Behavior [ RunTime:0.002000s ]
INFO: [ route_check ] --END-- [ RunTime:0.002000s ]
INFO: [ app_begin ] --START--
INFO: Run ReadHtmlCache Behavior [ RunTime:0.001000s ]
INFO: [ app_begin ] --END-- [ RunTime:0.001000s ]
NOTIC: 建议使用I方法替代_param
NOTIC: 建议使用I方法替代_param
SQL: SHOW COLUMNS FROM `ns_product` [ RunTime:0.002000s ]
SQL: SELECT * FROM `ns_product` WHERE ( id = 2 )  [ RunTime:0.000000s ]
SQL: SELECT * FROM `ns_product` WHERE ( id = 27 )  [ RunTime:0.001000s ]
SQL: SELECT * FROM `ns_product` WHERE ( id = 34 )  [ RunTime:0.000000s ]
SQL: SELECT * FROM `ns_product` WHERE ( id = 317 )  [ RunTime:0.001000s ]
SQL: SELECT * FROM `ns_product` WHERE ( id = 409 )  [ RunTime:0.000000s ]
SQL: SELECT * FROM `ns_product` WHERE ( id = 427 )  [ RunTime:0.000000s ]
SQL: SELECT * FROM `ns_product` WHERE ( id = 484 )  [ RunTime:0.001000s ]
SQL: SELECT * FROM `ns_product` WHERE ( id = 648 )  [ RunTime:0.000000s ]
SQL: SELECT * FROM `ns_product` WHERE ( id = 728 )  [ RunTime:0.000000s ]
SQL: SELECT * FROM `ns_product` WHERE ( id = 735 )  [ RunTime:0.000000s ]

[ 2013-06-24T09:19:58+08:00 ] 127.0.0.1 /index/search
INFO: [ route_check ] --START--
INFO: Run CheckRoute Behavior [ RunTime:0.001000s ]
INFO: [ route_check ] --END-- [ RunTime:0.001000s ]
INFO: [ app_begin ] --START--
INFO: Run ReadHtmlCache Behavior [ RunTime:0.001000s ]
INFO: [ app_begin ] --END-- [ RunTime:0.001000s ]
SQL: SHOW COLUMNS FROM `ns_keywords` [ RunTime:0.003000s ]
NOTIC: 建议使用I方法替代_param
NOTIC: 建议使用I方法替代_param
SQL: SELECT * FROM `ns_keywords` WHERE ( `keyword` = 'iphone' )  [ RunTime:0.001000s ]
SQL: UPDATE `ns_keywords` SET `nums`=nums+1,`create_time`=UNIX_TIMESTAMP() WHERE ( id = 1 ) [ RunTime:0.027001s ]
SQL: SELECT `keyword`,`nums` FROM `ns_keywords` WHERE ( id = 1 AND nums > 10 AND `keyword` NOT IN ("iphone") )  [ RunTime:0.001000s ]
NOTIC: [8] Undefined offset: 0 D:\www\test\PHP\NS\App\Modules\Web\Model\KeyWordsModel.class.php 第 66 行.
NOTIC: [8] Undefined offset: 1 D:\www\test\PHP\NS\App\Modules\Web\Model\KeyWordsModel.class.php 第 66 行.

[ 2013-06-24T09:19:58+08:00 ] 127.0.0.1 /images/bbsbg.png?t=2
INFO: [ route_check ] --START--
INFO: Run CheckRoute Behavior [ RunTime:0.001000s ]
INFO: [ route_check ] --END-- [ RunTime:0.001000s ]
INFO: [ app_begin ] --START--
INFO: Run ReadHtmlCache Behavior [ RunTime:0.001000s ]
INFO: [ app_begin ] --END-- [ RunTime:0.001000s ]
ERR: 无法加载模块:Images

[ 2013-06-24T09:19:58+08:00 ] 127.0.0.1 /favicon.ico
INFO: [ route_check ] --START--
INFO: Run CheckRoute Behavior [ RunTime:0.001000s ]
INFO: [ route_check ] --END-- [ RunTime:0.001000s ]
INFO: [ app_begin ] --START--
INFO: Run ReadHtmlCache Behavior [ RunTime:0.001000s ]
INFO: [ app_begin ] --END-- [ RunTime:0.001000s ]
NOTIC: [8] Undefined variable: group D:\www\test\PHP\NS\library\Tlib\Lib\Core\App.class.php 第 120 行.
ERR: 无法加载模块:Favicon.ico

[ 2013-06-24T09:20:08+08:00 ] 127.0.0.1 /api/search/get.json?p=KIb6skTwg6KHpPdtrNthjikSLdv8UOH%2Fg63xNxwahJQ6gevpxaIZALEYFw9j61VTGBM1fhNh0AECBVbvd3sJLQ%3D%3D
INFO: [ route_check ] --START--
INFO: Run CheckRoute Behavior [ RunTime:0.001001s ]
INFO: [ route_check ] --END-- [ RunTime:0.001001s ]
INFO: [ app_begin ] --START--
INFO: Run ReadHtmlCache Behavior [ RunTime:0.001000s ]
INFO: [ app_begin ] --END-- [ RunTime:0.001000s ]
NOTIC: 建议使用I方法替代_param
NOTIC: 建议使用I方法替代_param
SQL: SHOW COLUMNS FROM `ns_product` [ RunTime:0.003001s ]
SQL: SELECT * FROM `ns_product` WHERE ( id = 3 )  [ RunTime:0.000000s ]
SQL: SELECT * FROM `ns_product` WHERE ( id = 5 )  [ RunTime:0.000000s ]
SQL: SELECT * FROM `ns_product` WHERE ( id = 7 )  [ RunTime:0.000000s ]
SQL: SELECT * FROM `ns_product` WHERE ( id = 10 )  [ RunTime:0.001000s ]
SQL: SELECT * FROM `ns_product` WHERE ( id = 12 )  [ RunTime:0.000000s ]
SQL: SELECT * FROM `ns_product` WHERE ( id = 14 )  [ RunTime:0.000000s ]
SQL: SELECT * FROM `ns_product` WHERE ( id = 16 )  [ RunTime:0.001000s ]
SQL: SELECT * FROM `ns_product` WHERE ( id = 18 )  [ RunTime:0.000000s ]
SQL: SELECT * FROM `ns_product` WHERE ( id = 21 )  [ RunTime:0.000000s ]
SQL: SELECT * FROM `ns_product` WHERE ( id = 22 )  [ RunTime:0.000000s ]

[ 2013-06-24T09:20:08+08:00 ] 127.0.0.1 /index/search?q=%E4%B8%89%E6%98%9F
INFO: [ route_check ] --START--
INFO: Run CheckRoute Behavior [ RunTime:0.001000s ]
INFO: [ route_check ] --END-- [ RunTime:0.001000s ]
INFO: [ app_begin ] --START--
INFO: Run ReadHtmlCache Behavior [ RunTime:0.001000s ]
INFO: [ app_begin ] --END-- [ RunTime:0.001000s ]
SQL: SHOW COLUMNS FROM `ns_keywords` [ RunTime:0.002000s ]
NOTIC: 建议使用I方法替代_param
NOTIC: 建议使用I方法替代_param
SQL: SELECT * FROM `ns_keywords` WHERE ( `keyword` = '三星' )  [ RunTime:0.001000s ]
SQL: UPDATE `ns_keywords` SET `nums`=nums+1,`create_time`=UNIX_TIMESTAMP() WHERE ( id = 6 ) [ RunTime:0.029002s ]

[ 2013-06-24T09:20:08+08:00 ] 127.0.0.1 /favicon.ico
INFO: [ route_check ] --START--
INFO: Run CheckRoute Behavior [ RunTime:0.001000s ]
INFO: [ route_check ] --END-- [ RunTime:0.001000s ]
INFO: [ app_begin ] --START--
INFO: Run ReadHtmlCache Behavior [ RunTime:0.001000s ]
INFO: [ app_begin ] --END-- [ RunTime:0.001000s ]
NOTIC: [8] Undefined variable: group D:\www\test\PHP\NS\library\Tlib\Lib\Core\App.class.php 第 120 行.
ERR: 无法加载模块:Favicon.ico

[ 2013-06-24T09:21:03+08:00 ] 127.0.0.1 /index/search?q=
INFO: [ route_check ] --START--
INFO: Run CheckRoute Behavior [ RunTime:0.002000s ]
INFO: [ route_check ] --END-- [ RunTime:0.002000s ]
INFO: [ app_begin ] --START--
INFO: Run ReadHtmlCache Behavior [ RunTime:0.001001s ]
INFO: [ app_begin ] --END-- [ RunTime:0.001001s ]
SQL: SHOW COLUMNS FROM `ns_keywords` [ RunTime:0.002001s ]
NOTIC: 建议使用I方法替代_param
NOTIC: 建议使用I方法替代_param

[ 2013-06-24T09:21:03+08:00 ] 127.0.0.1 /
INFO: [ app_begin ] --START--
INFO: Run ReadHtmlCache Behavior [ RunTime:0.000000s ]
INFO: [ app_begin ] --END-- [ RunTime:0.000000s ]

[ 2013-06-24T09:21:03+08:00 ] 127.0.0.1 /favicon.ico
INFO: [ route_check ] --START--
INFO: Run CheckRoute Behavior [ RunTime:0.000000s ]
INFO: [ route_check ] --END-- [ RunTime:0.000000s ]
INFO: [ app_begin ] --START--
INFO: Run ReadHtmlCache Behavior [ RunTime:0.001000s ]
INFO: [ app_begin ] --END-- [ RunTime:0.001000s ]
NOTIC: [8] Undefined variable: group D:\www\test\PHP\NS\library\Tlib\Lib\Core\App.class.php 第 120 行.
ERR: 无法加载模块:Favicon.ico

[ 2013-06-24T11:16:02+08:00 ] 127.0.0.1 /
INFO: [ app_begin ] --START--
INFO: Run ReadHtmlCache Behavior [ RunTime:0.078004s ]
INFO: [ app_begin ] --END-- [ RunTime:0.173010s ]

[ 2013-06-24T11:16:03+08:00 ] 127.0.0.1 /favicon.ico
INFO: [ route_check ] --START--
INFO: Run CheckRoute Behavior [ RunTime:0.010000s ]
INFO: [ route_check ] --END-- [ RunTime:0.010000s ]
INFO: [ app_begin ] --START--
INFO: Run ReadHtmlCache Behavior [ RunTime:0.001001s ]
INFO: [ app_begin ] --END-- [ RunTime:0.001001s ]
NOTIC: [8] Undefined variable: group D:\www\test\PHP\NS\library\Tlib\Lib\Core\App.class.php 第 120 行.
ERR: 无法加载模块:Favicon.ico

