[ 2013-06-05T13:12:26+08:00 ] 127.0.0.1 /
INFO: [ app_begin ] --START--
INFO: Run ReadHtmlCache Behavior [ RunTime:0.007001s ]
INFO: [ app_begin ] --END-- [ RunTime:0.028002s ]

[ 2013-06-05T13:12:26+08:00 ] 127.0.0.1 /js/bootstrap.min.js
INFO: [ route_check ] --START--
INFO: Run CheckRoute Behavior [ RunTime:0.057003s ]
INFO: [ route_check ] --END-- [ RunTime:0.057003s ]
INFO: [ app_begin ] --START--
INFO: Run ReadHtmlCache Behavior [ RunTime:0.002000s ]
INFO: [ app_begin ] --END-- [ RunTime:0.002000s ]
ERR: 无法加载模块:Js

[ 2013-06-05T13:12:26+08:00 ] 127.0.0.1 /favicon.ico
INFO: [ route_check ] --START--
INFO: Run CheckRoute Behavior [ RunTime:0.002000s ]
INFO: [ route_check ] --END-- [ RunTime:0.002000s ]
INFO: [ app_begin ] --START--
INFO: Run ReadHtmlCache Behavior [ RunTime:0.002000s ]
INFO: [ app_begin ] --END-- [ RunTime:0.002000s ]
NOTIC: [8] Undefined variable: group D:\www\test\PHP\NS\library\Tlib\Lib\Core\App.class.php 第 120 行.
ERR: 无法加载模块:Favicon.ico

[ 2013-06-05T13:12:41+08:00 ] 127.0.0.1 /api/content/get.json?p=KIb6skTwg6J8bF7%2FyJUKSe7%2B%2FFfxc2Wa4JRNd0SE4jh4EwEZbwDbWm4x4%2FPGYg7unqnrd8Csxq0%3D
INFO: [ route_check ] --START--
INFO: Run CheckRoute Behavior [ RunTime:0.023002s ]
INFO: [ route_check ] --END-- [ RunTime:0.023002s ]
INFO: [ app_begin ] --START--
INFO: Run ReadHtmlCache Behavior [ RunTime:0.019002s ]
INFO: [ app_begin ] --END-- [ RunTime:0.020002s ]
NOTIC: 建议使用I方法替代_param
NOTIC: 建议使用I方法替代_param
SQL: SHOW COLUMNS FROM `ns_content` [ RunTime:0.451026s ]

[ 2013-06-05T13:12:41+08:00 ] 127.0.0.1 /favicon.ico
INFO: [ route_check ] --START--
INFO: Run CheckRoute Behavior [ RunTime:0.001000s ]
INFO: [ route_check ] --END-- [ RunTime:0.001000s ]
INFO: [ app_begin ] --START--
INFO: Run ReadHtmlCache Behavior [ RunTime:0.000000s ]
INFO: [ app_begin ] --END-- [ RunTime:0.030002s ]
NOTIC: [8] Undefined variable: group D:\www\test\PHP\NS\library\Tlib\Lib\Core\App.class.php 第 120 行.
ERR: 无法加载模块:Favicon.ico

[ 2013-06-05T13:12:52+08:00 ] 127.0.0.1 /api/content/get.json?p=KIb6skTwg6J8bF7%2FyJUKSe7%2B%2FFfxc2Wa4JRNd0SE4jh4EwEZbwDbWm4x4%2FPGYg7unqnrd8Csxq0%3D
INFO: [ route_check ] --START--
INFO: Run CheckRoute Behavior [ RunTime:0.002000s ]
INFO: [ route_check ] --END-- [ RunTime:0.002000s ]
INFO: [ app_begin ] --START--
INFO: Run ReadHtmlCache Behavior [ RunTime:0.002000s ]
INFO: [ app_begin ] --END-- [ RunTime:0.002000s ]
NOTIC: 建议使用I方法替代_param
NOTIC: 建议使用I方法替代_param
SQL: SHOW COLUMNS FROM `ns_content` [ RunTime:0.002001s ]

[ 2013-06-05T13:12:52+08:00 ] 127.0.0.1 /favicon.ico
INFO: [ route_check ] --START--
INFO: Run CheckRoute Behavior [ RunTime:0.001000s ]
INFO: [ route_check ] --END-- [ RunTime:0.001000s ]
INFO: [ app_begin ] --START--
INFO: Run ReadHtmlCache Behavior [ RunTime:0.001000s ]
INFO: [ app_begin ] --END-- [ RunTime:0.001000s ]
NOTIC: [8] Undefined variable: group D:\www\test\PHP\NS\library\Tlib\Lib\Core\App.class.php 第 120 行.
ERR: 无法加载模块:Favicon.ico

[ 2013-06-05T13:12:53+08:00 ] 127.0.0.1 /api/content/get.json?p=KIb6skTwg6J8bF7%2FyJUKSe7%2B%2FFfxc2Wa4JRNd0SE4jh4EwEZbwDbWm4x4%2FPGYg7unqnrd8Csxq0%3D
INFO: [ route_check ] --START--
INFO: Run CheckRoute Behavior [ RunTime:0.002000s ]
INFO: [ route_check ] --END-- [ RunTime:0.002000s ]
INFO: [ app_begin ] --START--
INFO: Run ReadHtmlCache Behavior [ RunTime:0.001000s ]
INFO: [ app_begin ] --END-- [ RunTime:0.001000s ]
NOTIC: 建议使用I方法替代_param
NOTIC: 建议使用I方法替代_param
SQL: SHOW COLUMNS FROM `ns_content` [ RunTime:0.002000s ]

[ 2013-06-05T13:12:53+08:00 ] 127.0.0.1 /favicon.ico
INFO: [ route_check ] --START--
INFO: Run CheckRoute Behavior [ RunTime:0.001000s ]
INFO: [ route_check ] --END-- [ RunTime:0.001000s ]
INFO: [ app_begin ] --START--
INFO: Run ReadHtmlCache Behavior [ RunTime:0.001000s ]
INFO: [ app_begin ] --END-- [ RunTime:0.001000s ]
NOTIC: [8] Undefined variable: group D:\www\test\PHP\NS\library\Tlib\Lib\Core\App.class.php 第 120 行.
ERR: 无法加载模块:Favicon.ico

[ 2013-06-05T14:32:12+08:00 ] 127.0.0.1 /
INFO: [ app_begin ] --START--
INFO: Run ReadHtmlCache Behavior [ RunTime:0.053003s ]
INFO: [ app_begin ] --END-- [ RunTime:0.083005s ]

[ 2013-06-05T14:32:12+08:00 ] 127.0.0.1 /favicon.ico
INFO: [ route_check ] --START--
INFO: Run CheckRoute Behavior [ RunTime:0.027002s ]
INFO: [ route_check ] --END-- [ RunTime:0.027002s ]
INFO: [ app_begin ] --START--
INFO: Run ReadHtmlCache Behavior [ RunTime:0.000000s ]
INFO: [ app_begin ] --END-- [ RunTime:0.000000s ]
NOTIC: [8] Undefined variable: group D:\www\test\PHP\NS\library\Tlib\Lib\Core\App.class.php 第 120 行.
ERR: 无法加载模块:Favicon.ico

[ 2013-06-05T14:32:14+08:00 ] 127.0.0.1 /
INFO: [ app_begin ] --START--
INFO: Run ReadHtmlCache Behavior [ RunTime:0.001000s ]
INFO: [ app_begin ] --END-- [ RunTime:0.001000s ]

[ 2013-06-05T14:32:14+08:00 ] 127.0.0.1 /favicon.ico
INFO: [ route_check ] --START--
INFO: Run CheckRoute Behavior [ RunTime:0.000000s ]
INFO: [ route_check ] --END-- [ RunTime:0.000000s ]
INFO: [ app_begin ] --START--
INFO: Run ReadHtmlCache Behavior [ RunTime:0.001000s ]
INFO: [ app_begin ] --END-- [ RunTime:0.001000s ]
NOTIC: [8] Undefined variable: group D:\www\test\PHP\NS\library\Tlib\Lib\Core\App.class.php 第 120 行.
ERR: 无法加载模块:Favicon.ico

[ 2013-06-05T14:32:14+08:00 ] 127.0.0.1 /
INFO: [ app_begin ] --START--
INFO: Run ReadHtmlCache Behavior [ RunTime:0.000000s ]
INFO: [ app_begin ] --END-- [ RunTime:0.000000s ]

[ 2013-06-05T14:32:14+08:00 ] 127.0.0.1 /favicon.ico
INFO: [ route_check ] --START--
INFO: Run CheckRoute Behavior [ RunTime:0.001000s ]
INFO: [ route_check ] --END-- [ RunTime:0.001000s ]
INFO: [ app_begin ] --START--
INFO: Run ReadHtmlCache Behavior [ RunTime:0.001000s ]
INFO: [ app_begin ] --END-- [ RunTime:0.001000s ]
NOTIC: [8] Undefined variable: group D:\www\test\PHP\NS\library\Tlib\Lib\Core\App.class.php 第 120 行.
ERR: 无法加载模块:Favicon.ico

[ 2013-06-05T14:32:15+08:00 ] 127.0.0.1 /
INFO: [ app_begin ] --START--
INFO: Run ReadHtmlCache Behavior [ RunTime:0.000000s ]
INFO: [ app_begin ] --END-- [ RunTime:0.001000s ]

[ 2013-06-05T14:32:15+08:00 ] 127.0.0.1 /favicon.ico
INFO: [ route_check ] --START--
INFO: Run CheckRoute Behavior [ RunTime:0.001000s ]
INFO: [ route_check ] --END-- [ RunTime:0.001000s ]
INFO: [ app_begin ] --START--
INFO: Run ReadHtmlCache Behavior [ RunTime:0.000000s ]
INFO: [ app_begin ] --END-- [ RunTime:0.000000s ]
NOTIC: [8] Undefined variable: group D:\www\test\PHP\NS\library\Tlib\Lib\Core\App.class.php 第 120 行.
ERR: 无法加载模块:Favicon.ico

[ 2013-06-05T14:32:15+08:00 ] 127.0.0.1 /
INFO: [ app_begin ] --START--
INFO: Run ReadHtmlCache Behavior [ RunTime:0.001000s ]
INFO: [ app_begin ] --END-- [ RunTime:0.001000s ]

[ 2013-06-05T14:32:15+08:00 ] 127.0.0.1 /favicon.ico
INFO: [ route_check ] --START--
INFO: Run CheckRoute Behavior [ RunTime:0.001000s ]
INFO: [ route_check ] --END-- [ RunTime:0.001000s ]
INFO: [ app_begin ] --START--
INFO: Run ReadHtmlCache Behavior [ RunTime:0.001000s ]
INFO: [ app_begin ] --END-- [ RunTime:0.001000s ]
NOTIC: [8] Undefined variable: group D:\www\test\PHP\NS\library\Tlib\Lib\Core\App.class.php 第 120 行.
ERR: 无法加载模块:Favicon.ico

[ 2013-06-05T14:32:15+08:00 ] 127.0.0.1 /
INFO: [ app_begin ] --START--
INFO: Run ReadHtmlCache Behavior [ RunTime:0.000000s ]
INFO: [ app_begin ] --END-- [ RunTime:0.001000s ]

[ 2013-06-05T14:32:15+08:00 ] 127.0.0.1 /favicon.ico
INFO: [ route_check ] --START--
INFO: Run CheckRoute Behavior [ RunTime:0.000000s ]
INFO: [ route_check ] --END-- [ RunTime:0.001001s ]
INFO: [ app_begin ] --START--
INFO: Run ReadHtmlCache Behavior [ RunTime:0.000000s ]
INFO: [ app_begin ] --END-- [ RunTime:0.000000s ]
NOTIC: [8] Undefined variable: group D:\www\test\PHP\NS\library\Tlib\Lib\Core\App.class.php 第 120 行.
ERR: 无法加载模块:Favicon.ico

[ 2013-06-05T14:32:15+08:00 ] 127.0.0.1 /
INFO: [ app_begin ] --START--
INFO: Run ReadHtmlCache Behavior [ RunTime:0.001000s ]
INFO: [ app_begin ] --END-- [ RunTime:0.001000s ]

[ 2013-06-05T14:32:15+08:00 ] 127.0.0.1 /favicon.ico
INFO: [ route_check ] --START--
INFO: Run CheckRoute Behavior [ RunTime:0.000000s ]
INFO: [ route_check ] --END-- [ RunTime:0.001000s ]
INFO: [ app_begin ] --START--
INFO: Run ReadHtmlCache Behavior [ RunTime:0.001000s ]
INFO: [ app_begin ] --END-- [ RunTime:0.001000s ]
NOTIC: [8] Undefined variable: group D:\www\test\PHP\NS\library\Tlib\Lib\Core\App.class.php 第 120 行.
ERR: 无法加载模块:Favicon.ico

[ 2013-06-05T14:32:15+08:00 ] 127.0.0.1 /
INFO: [ app_begin ] --START--
INFO: Run ReadHtmlCache Behavior [ RunTime:0.000000s ]
INFO: [ app_begin ] --END-- [ RunTime:0.001000s ]

[ 2013-06-05T14:32:15+08:00 ] 127.0.0.1 /favicon.ico
INFO: [ route_check ] --START--
INFO: Run CheckRoute Behavior [ RunTime:0.001000s ]
INFO: [ route_check ] --END-- [ RunTime:0.001000s ]
INFO: [ app_begin ] --START--
INFO: Run ReadHtmlCache Behavior [ RunTime:0.001000s ]
INFO: [ app_begin ] --END-- [ RunTime:0.001000s ]
NOTIC: [8] Undefined variable: group D:\www\test\PHP\NS\library\Tlib\Lib\Core\App.class.php 第 120 行.
ERR: 无法加载模块:Favicon.ico

[ 2013-06-05T14:33:31+08:00 ] 127.0.0.1 /
INFO: [ app_begin ] --START--
INFO: Run ReadHtmlCache Behavior [ RunTime:0.001000s ]
INFO: [ app_begin ] --END-- [ RunTime:0.001000s ]

[ 2013-06-05T14:33:31+08:00 ] 127.0.0.1 /favicon.ico
INFO: [ route_check ] --START--
INFO: Run CheckRoute Behavior [ RunTime:0.001000s ]
INFO: [ route_check ] --END-- [ RunTime:0.001000s ]
INFO: [ app_begin ] --START--
INFO: Run ReadHtmlCache Behavior [ RunTime:0.001000s ]
INFO: [ app_begin ] --END-- [ RunTime:0.001000s ]
NOTIC: [8] Undefined variable: group D:\www\test\PHP\NS\library\Tlib\Lib\Core\App.class.php 第 120 行.
ERR: 无法加载模块:Favicon.ico

[ 2013-06-05T14:33:32+08:00 ] 127.0.0.1 /
INFO: [ app_begin ] --START--
INFO: Run ReadHtmlCache Behavior [ RunTime:0.002000s ]
INFO: [ app_begin ] --END-- [ RunTime:0.002000s ]

[ 2013-06-05T14:33:32+08:00 ] 127.0.0.1 /favicon.ico
INFO: [ route_check ] --START--
INFO: Run CheckRoute Behavior [ RunTime:0.001000s ]
INFO: [ route_check ] --END-- [ RunTime:0.001000s ]
INFO: [ app_begin ] --START--
INFO: Run ReadHtmlCache Behavior [ RunTime:0.001000s ]
INFO: [ app_begin ] --END-- [ RunTime:0.001000s ]
NOTIC: [8] Undefined variable: group D:\www\test\PHP\NS\library\Tlib\Lib\Core\App.class.php 第 120 行.
ERR: 无法加载模块:Favicon.ico

[ 2013-06-05T14:33:32+08:00 ] 127.0.0.1 /
INFO: [ app_begin ] --START--
INFO: Run ReadHtmlCache Behavior [ RunTime:0.001000s ]
INFO: [ app_begin ] --END-- [ RunTime:0.001000s ]

[ 2013-06-05T14:33:32+08:00 ] 127.0.0.1 /favicon.ico
INFO: [ route_check ] --START--
INFO: Run CheckRoute Behavior [ RunTime:0.001000s ]
INFO: [ route_check ] --END-- [ RunTime:0.001000s ]
INFO: [ app_begin ] --START--
INFO: Run ReadHtmlCache Behavior [ RunTime:0.000000s ]
INFO: [ app_begin ] --END-- [ RunTime:0.000000s ]
NOTIC: [8] Undefined variable: group D:\www\test\PHP\NS\library\Tlib\Lib\Core\App.class.php 第 120 行.
ERR: 无法加载模块:Favicon.ico

[ 2013-06-05T14:33:32+08:00 ] 127.0.0.1 /
INFO: [ app_begin ] --START--
INFO: Run ReadHtmlCache Behavior [ RunTime:0.001000s ]
INFO: [ app_begin ] --END-- [ RunTime:0.001000s ]

[ 2013-06-05T14:33:32+08:00 ] 127.0.0.1 /favicon.ico
INFO: [ route_check ] --START--
INFO: Run CheckRoute Behavior [ RunTime:0.001000s ]
INFO: [ route_check ] --END-- [ RunTime:0.001000s ]
INFO: [ app_begin ] --START--
INFO: Run ReadHtmlCache Behavior [ RunTime:0.001000s ]
INFO: [ app_begin ] --END-- [ RunTime:0.001000s ]
NOTIC: [8] Undefined variable: group D:\www\test\PHP\NS\library\Tlib\Lib\Core\App.class.php 第 120 行.
ERR: 无法加载模块:Favicon.ico

[ 2013-06-05T14:34:08+08:00 ] 127.0.0.1 /
INFO: [ app_begin ] --START--
INFO: Run ReadHtmlCache Behavior [ RunTime:0.000000s ]
INFO: [ app_begin ] --END-- [ RunTime:0.000000s ]

[ 2013-06-05T14:34:08+08:00 ] 127.0.0.1 /favicon.ico
INFO: [ route_check ] --START--
INFO: Run CheckRoute Behavior [ RunTime:0.000000s ]
INFO: [ route_check ] --END-- [ RunTime:0.000000s ]
INFO: [ app_begin ] --START--
INFO: Run ReadHtmlCache Behavior [ RunTime:0.001000s ]
INFO: [ app_begin ] --END-- [ RunTime:0.001000s ]
NOTIC: [8] Undefined variable: group D:\www\test\PHP\NS\library\Tlib\Lib\Core\App.class.php 第 120 行.
ERR: 无法加载模块:Favicon.ico

[ 2013-06-05T14:34:09+08:00 ] 127.0.0.1 /
INFO: [ app_begin ] --START--
INFO: Run ReadHtmlCache Behavior [ RunTime:0.002000s ]
INFO: [ app_begin ] --END-- [ RunTime:0.002000s ]

[ 2013-06-05T14:34:09+08:00 ] 127.0.0.1 /favicon.ico
INFO: [ route_check ] --START--
INFO: Run CheckRoute Behavior [ RunTime:0.001000s ]
INFO: [ route_check ] --END-- [ RunTime:0.002000s ]
INFO: [ app_begin ] --START--
INFO: Run ReadHtmlCache Behavior [ RunTime:0.000000s ]
INFO: [ app_begin ] --END-- [ RunTime:0.000000s ]
NOTIC: [8] Undefined variable: group D:\www\test\PHP\NS\library\Tlib\Lib\Core\App.class.php 第 120 行.
ERR: 无法加载模块:Favicon.ico

[ 2013-06-05T14:34:12+08:00 ] 127.0.0.1 /
INFO: [ app_begin ] --START--
INFO: Run ReadHtmlCache Behavior [ RunTime:0.001000s ]
INFO: [ app_begin ] --END-- [ RunTime:0.001000s ]

[ 2013-06-05T14:34:12+08:00 ] 127.0.0.1 /favicon.ico
INFO: [ route_check ] --START--
INFO: Run CheckRoute Behavior [ RunTime:0.001000s ]
INFO: [ route_check ] --END-- [ RunTime:0.001000s ]
INFO: [ app_begin ] --START--
INFO: Run ReadHtmlCache Behavior [ RunTime:0.000000s ]
INFO: [ app_begin ] --END-- [ RunTime:0.000000s ]
NOTIC: [8] Undefined variable: group D:\www\test\PHP\NS\library\Tlib\Lib\Core\App.class.php 第 120 行.
ERR: 无法加载模块:Favicon.ico

[ 2013-06-05T14:34:13+08:00 ] 127.0.0.1 /
INFO: [ app_begin ] --START--
INFO: Run ReadHtmlCache Behavior [ RunTime:0.002000s ]
INFO: [ app_begin ] --END-- [ RunTime:0.002000s ]

[ 2013-06-05T14:34:13+08:00 ] 127.0.0.1 /favicon.ico
INFO: [ route_check ] --START--
INFO: Run CheckRoute Behavior [ RunTime:0.001000s ]
INFO: [ route_check ] --END-- [ RunTime:0.001000s ]
INFO: [ app_begin ] --START--
INFO: Run ReadHtmlCache Behavior [ RunTime:0.001000s ]
INFO: [ app_begin ] --END-- [ RunTime:0.001000s ]
NOTIC: [8] Undefined variable: group D:\www\test\PHP\NS\library\Tlib\Lib\Core\App.class.php 第 120 行.
ERR: 无法加载模块:Favicon.ico

[ 2013-06-05T14:35:38+08:00 ] 127.0.0.1 /
INFO: [ app_begin ] --START--
INFO: Run ReadHtmlCache Behavior [ RunTime:0.001000s ]
INFO: [ app_begin ] --END-- [ RunTime:0.001000s ]

[ 2013-06-05T14:35:38+08:00 ] 127.0.0.1 /favicon.ico
INFO: [ route_check ] --START--
INFO: Run CheckRoute Behavior [ RunTime:0.001000s ]
INFO: [ route_check ] --END-- [ RunTime:0.001000s ]
INFO: [ app_begin ] --START--
INFO: Run ReadHtmlCache Behavior [ RunTime:0.001000s ]
INFO: [ app_begin ] --END-- [ RunTime:0.001000s ]
NOTIC: [8] Undefined variable: group D:\www\test\PHP\NS\library\Tlib\Lib\Core\App.class.php 第 120 行.
ERR: 无法加载模块:Favicon.ico

[ 2013-06-05T14:35:38+08:00 ] 127.0.0.1 /
INFO: [ app_begin ] --START--
INFO: Run ReadHtmlCache Behavior [ RunTime:0.001000s ]
INFO: [ app_begin ] --END-- [ RunTime:0.001000s ]

[ 2013-06-05T14:35:38+08:00 ] 127.0.0.1 /favicon.ico
INFO: [ route_check ] --START--
INFO: Run CheckRoute Behavior [ RunTime:0.001001s ]
INFO: [ route_check ] --END-- [ RunTime:0.001001s ]
INFO: [ app_begin ] --START--
INFO: Run ReadHtmlCache Behavior [ RunTime:0.001000s ]
INFO: [ app_begin ] --END-- [ RunTime:0.001000s ]
NOTIC: [8] Undefined variable: group D:\www\test\PHP\NS\library\Tlib\Lib\Core\App.class.php 第 120 行.
ERR: 无法加载模块:Favicon.ico

[ 2013-06-05T14:35:38+08:00 ] 127.0.0.1 /
INFO: [ app_begin ] --START--
INFO: Run ReadHtmlCache Behavior [ RunTime:0.003000s ]
INFO: [ app_begin ] --END-- [ RunTime:0.003000s ]

[ 2013-06-05T14:35:38+08:00 ] 127.0.0.1 /favicon.ico
INFO: [ route_check ] --START--
INFO: Run CheckRoute Behavior [ RunTime:0.001000s ]
INFO: [ route_check ] --END-- [ RunTime:0.001000s ]
INFO: [ app_begin ] --START--
INFO: Run ReadHtmlCache Behavior [ RunTime:0.000000s ]
INFO: [ app_begin ] --END-- [ RunTime:0.000000s ]
NOTIC: [8] Undefined variable: group D:\www\test\PHP\NS\library\Tlib\Lib\Core\App.class.php 第 120 行.
ERR: 无法加载模块:Favicon.ico

[ 2013-06-05T14:35:38+08:00 ] 127.0.0.1 /
INFO: [ app_begin ] --START--
INFO: Run ReadHtmlCache Behavior [ RunTime:0.000000s ]
INFO: [ app_begin ] --END-- [ RunTime:0.001000s ]

[ 2013-06-05T14:35:38+08:00 ] 127.0.0.1 /favicon.ico
INFO: [ route_check ] --START--
INFO: Run CheckRoute Behavior [ RunTime:0.000000s ]
INFO: [ route_check ] --END-- [ RunTime:0.000000s ]
INFO: [ app_begin ] --START--
INFO: Run ReadHtmlCache Behavior [ RunTime:0.001000s ]
INFO: [ app_begin ] --END-- [ RunTime:0.001000s ]
NOTIC: [8] Undefined variable: group D:\www\test\PHP\NS\library\Tlib\Lib\Core\App.class.php 第 120 行.
ERR: 无法加载模块:Favicon.ico

[ 2013-06-05T14:35:48+08:00 ] 127.0.0.1 /api/content/get.json?p=KIb6skTwg6KHpPdtrNthjkYVv0TT3d2SCuT1n7w0tkdUvB6NsgedCQ%3D%3D
INFO: [ route_check ] --START--
INFO: Run CheckRoute Behavior [ RunTime:0.046003s ]
INFO: [ route_check ] --END-- [ RunTime:0.046003s ]
INFO: [ app_begin ] --START--
INFO: Run ReadHtmlCache Behavior [ RunTime:0.001000s ]
INFO: [ app_begin ] --END-- [ RunTime:0.002000s ]
NOTIC: 建议使用I方法替代_param
NOTIC: 建议使用I方法替代_param

[ 2013-06-05T14:35:49+08:00 ] 127.0.0.1 /favicon.ico
INFO: [ route_check ] --START--
INFO: Run CheckRoute Behavior [ RunTime:0.001000s ]
INFO: [ route_check ] --END-- [ RunTime:0.001000s ]
INFO: [ app_begin ] --START--
INFO: Run ReadHtmlCache Behavior [ RunTime:0.000000s ]
INFO: [ app_begin ] --END-- [ RunTime:0.000000s ]
NOTIC: [8] Undefined variable: group D:\www\test\PHP\NS\library\Tlib\Lib\Core\App.class.php 第 120 行.
ERR: 无法加载模块:Favicon.ico

[ 2013-06-05T14:44:53+08:00 ] 127.0.0.1 /api/content/get.json?p=KIb6skTwg6KHpPdtrNthjkYVv0TT3d2SCuT1n7w0tkdUvB6NsgedCQ%3D%3D
INFO: [ route_check ] --START--
INFO: Run CheckRoute Behavior [ RunTime:0.007000s ]
INFO: [ route_check ] --END-- [ RunTime:0.007000s ]
INFO: [ app_begin ] --START--
INFO: Run ReadHtmlCache Behavior [ RunTime:0.001000s ]
INFO: [ app_begin ] --END-- [ RunTime:0.001000s ]
NOTIC: 建议使用I方法替代_param
NOTIC: 建议使用I方法替代_param

[ 2013-06-05T14:44:53+08:00 ] 127.0.0.1 /favicon.ico
INFO: [ route_check ] --START--
INFO: Run CheckRoute Behavior [ RunTime:0.000000s ]
INFO: [ route_check ] --END-- [ RunTime:0.001000s ]
INFO: [ app_begin ] --START--
INFO: Run ReadHtmlCache Behavior [ RunTime:0.000000s ]
INFO: [ app_begin ] --END-- [ RunTime:0.000000s ]
NOTIC: [8] Undefined variable: group D:\www\test\PHP\NS\library\Tlib\Lib\Core\App.class.php 第 120 行.
ERR: 无法加载模块:Favicon.ico

[ 2013-06-05T14:45:19+08:00 ] 127.0.0.1 /api/search/get.json?p=KIb6skTwg6KHpPdtrNthjkYVv0TT3d2SCuT1n7w0tkdUvB6NsgedCQ%3D%3D
INFO: [ route_check ] --START--
INFO: Run CheckRoute Behavior [ RunTime:0.002000s ]
INFO: [ route_check ] --END-- [ RunTime:0.002000s ]
INFO: [ app_begin ] --START--
INFO: Run ReadHtmlCache Behavior [ RunTime:0.001000s ]
INFO: [ app_begin ] --END-- [ RunTime:0.001000s ]
NOTIC: 建议使用I方法替代_param
NOTIC: 建议使用I方法替代_param

[ 2013-06-05T14:45:19+08:00 ] 127.0.0.1 /favicon.ico
INFO: [ route_check ] --START--
INFO: Run CheckRoute Behavior [ RunTime:0.001000s ]
INFO: [ route_check ] --END-- [ RunTime:0.001000s ]
INFO: [ app_begin ] --START--
INFO: Run ReadHtmlCache Behavior [ RunTime:0.000000s ]
INFO: [ app_begin ] --END-- [ RunTime:0.000000s ]
NOTIC: [8] Undefined variable: group D:\www\test\PHP\NS\library\Tlib\Lib\Core\App.class.php 第 120 行.
ERR: 无法加载模块:Favicon.ico

[ 2013-06-05T14:45:43+08:00 ] 127.0.0.1 /search/get.json?p=KIb6skTwg6KHpPdtrNthjkYVv0TT3d2SCuT1n7w0tkdUvB6NsgedCQ%3D%3D
INFO: [ route_check ] --START--
INFO: Run CheckRoute Behavior [ RunTime:0.001000s ]
INFO: [ route_check ] --END-- [ RunTime:0.001000s ]
INFO: [ app_begin ] --START--
INFO: Run ReadHtmlCache Behavior [ RunTime:0.001000s ]
INFO: [ app_begin ] --END-- [ RunTime:0.001000s ]
ERR: 无法加载模块:Index

[ 2013-06-05T14:45:44+08:00 ] 127.0.0.1 /favicon.ico
INFO: [ route_check ] --START--
INFO: Run CheckRoute Behavior [ RunTime:0.001000s ]
INFO: [ route_check ] --END-- [ RunTime:0.001000s ]
INFO: [ app_begin ] --START--
INFO: Run ReadHtmlCache Behavior [ RunTime:0.001000s ]
INFO: [ app_begin ] --END-- [ RunTime:0.001000s ]
NOTIC: [8] Undefined variable: group D:\www\test\PHP\NS\library\Tlib\Lib\Core\App.class.php 第 120 行.
ERR: 无法加载模块:Favicon.ico

[ 2013-06-05T14:45:53+08:00 ] 127.0.0.1 /api/search/get.json?p=KIb6skTwg6KHpPdtrNthjkYVv0TT3d2SCuT1n7w0tkdUvB6NsgedCQ%3D%3D
INFO: [ route_check ] --START--
INFO: Run CheckRoute Behavior [ RunTime:0.001000s ]
INFO: [ route_check ] --END-- [ RunTime:0.001000s ]
INFO: [ app_begin ] --START--
INFO: Run ReadHtmlCache Behavior [ RunTime:0.001000s ]
INFO: [ app_begin ] --END-- [ RunTime:0.001000s ]
NOTIC: 建议使用I方法替代_param
NOTIC: 建议使用I方法替代_param

[ 2013-06-05T14:45:54+08:00 ] 127.0.0.1 /favicon.ico
INFO: [ route_check ] --START--
INFO: Run CheckRoute Behavior [ RunTime:0.001000s ]
INFO: [ route_check ] --END-- [ RunTime:0.001000s ]
INFO: [ app_begin ] --START--
INFO: Run ReadHtmlCache Behavior [ RunTime:0.001000s ]
INFO: [ app_begin ] --END-- [ RunTime:0.001000s ]
NOTIC: [8] Undefined variable: group D:\www\test\PHP\NS\library\Tlib\Lib\Core\App.class.php 第 120 行.
ERR: 无法加载模块:Favicon.ico

[ 2013-06-05T14:46:25+08:00 ] 127.0.0.1 /search/get.json?p=KIb6skTwg6KHpPdtrNthjkYVv0TT3d2SCuT1n7w0tkdUvB6NsgedCQ%3D%3D
INFO: [ route_check ] --START--
INFO: Run CheckRoute Behavior [ RunTime:0.001000s ]
INFO: [ route_check ] --END-- [ RunTime:0.001000s ]
INFO: [ app_begin ] --START--
INFO: Run ReadHtmlCache Behavior [ RunTime:0.001000s ]
INFO: [ app_begin ] --END-- [ RunTime:0.001000s ]
ERR: 无法加载模块:Index

[ 2013-06-05T14:46:25+08:00 ] 127.0.0.1 /favicon.ico
INFO: [ route_check ] --START--
INFO: Run CheckRoute Behavior [ RunTime:0.001000s ]
INFO: [ route_check ] --END-- [ RunTime:0.001000s ]
INFO: [ app_begin ] --START--
INFO: Run ReadHtmlCache Behavior [ RunTime:0.001000s ]
INFO: [ app_begin ] --END-- [ RunTime:0.001000s ]
NOTIC: [8] Undefined variable: group D:\www\test\PHP\NS\library\Tlib\Lib\Core\App.class.php 第 120 行.
ERR: 无法加载模块:Favicon.ico

[ 2013-06-05T14:46:32+08:00 ] 127.0.0.1 /api/search/get.json?p=KIb6skTwg6KHpPdtrNthjkYVv0TT3d2SCuT1n7w0tkdUvB6NsgedCQ%3D%3D
INFO: [ route_check ] --START--
INFO: Run CheckRoute Behavior [ RunTime:0.001000s ]
INFO: [ route_check ] --END-- [ RunTime:0.001000s ]
INFO: [ app_begin ] --START--
INFO: Run ReadHtmlCache Behavior [ RunTime:0.001000s ]
INFO: [ app_begin ] --END-- [ RunTime:0.001000s ]
NOTIC: 建议使用I方法替代_param
NOTIC: 建议使用I方法替代_param

[ 2013-06-05T14:46:32+08:00 ] 127.0.0.1 /favicon.ico
INFO: [ route_check ] --START--
INFO: Run CheckRoute Behavior [ RunTime:0.001000s ]
INFO: [ route_check ] --END-- [ RunTime:0.001000s ]
INFO: [ app_begin ] --START--
INFO: Run ReadHtmlCache Behavior [ RunTime:0.000000s ]
INFO: [ app_begin ] --END-- [ RunTime:0.000000s ]
NOTIC: [8] Undefined variable: group D:\www\test\PHP\NS\library\Tlib\Lib\Core\App.class.php 第 120 行.
ERR: 无法加载模块:Favicon.ico

[ 2013-06-05T14:47:04+08:00 ] 127.0.0.1 /api/search/get.json?p=KIb6skTwg6KHpPdtrNthjkYVv0TT3d2SCuT1n7w0tkdUvB6NsgedCQ%3D%3D
INFO: [ route_check ] --START--
INFO: Run CheckRoute Behavior [ RunTime:0.001000s ]
INFO: [ route_check ] --END-- [ RunTime:0.002000s ]
INFO: [ app_begin ] --START--
INFO: Run ReadHtmlCache Behavior [ RunTime:0.000000s ]
INFO: [ app_begin ] --END-- [ RunTime:0.000000s ]
NOTIC: 建议使用I方法替代_param
NOTIC: 建议使用I方法替代_param

[ 2013-06-05T14:47:04+08:00 ] 127.0.0.1 /favicon.ico
INFO: [ route_check ] --START--
INFO: Run CheckRoute Behavior [ RunTime:0.001000s ]
INFO: [ route_check ] --END-- [ RunTime:0.001000s ]
INFO: [ app_begin ] --START--
INFO: Run ReadHtmlCache Behavior [ RunTime:0.001000s ]
INFO: [ app_begin ] --END-- [ RunTime:0.001000s ]
NOTIC: [8] Undefined variable: group D:\www\test\PHP\NS\library\Tlib\Lib\Core\App.class.php 第 120 行.
ERR: 无法加载模块:Favicon.ico

[ 2013-06-05T14:47:28+08:00 ] 127.0.0.1 /api/search/get.json?p=KIb6skTwg6KHpPdtrNthjkYVv0TT3d2SCuT1n7w0tkdUvB6NsgedCQ%3D%3D
INFO: [ route_check ] --START--
INFO: Run CheckRoute Behavior [ RunTime:0.001000s ]
INFO: [ route_check ] --END-- [ RunTime:0.002000s ]
INFO: [ app_begin ] --START--
INFO: Run ReadHtmlCache Behavior [ RunTime:0.000000s ]
INFO: [ app_begin ] --END-- [ RunTime:0.000000s ]
NOTIC: 建议使用I方法替代_param
NOTIC: 建议使用I方法替代_param

[ 2013-06-05T14:47:28+08:00 ] 127.0.0.1 /favicon.ico
INFO: [ route_check ] --START--
INFO: Run CheckRoute Behavior [ RunTime:0.001000s ]
INFO: [ route_check ] --END-- [ RunTime:0.001000s ]
INFO: [ app_begin ] --START--
INFO: Run ReadHtmlCache Behavior [ RunTime:0.001000s ]
INFO: [ app_begin ] --END-- [ RunTime:0.001000s ]
NOTIC: [8] Undefined variable: group D:\www\test\PHP\NS\library\Tlib\Lib\Core\App.class.php 第 120 行.
ERR: 无法加载模块:Favicon.ico

[ 2013-06-05T14:48:16+08:00 ] 127.0.0.1 /search/get.json?p=KIb6skTwg6KHpPdtrNthjkYVv0TT3d2SCuT1n7w0tkdUvB6NsgedCQ%3D%3D
INFO: [ route_check ] --START--
INFO: Run CheckRoute Behavior [ RunTime:0.000000s ]
INFO: [ route_check ] --END-- [ RunTime:0.000000s ]
INFO: [ app_begin ] --START--
INFO: Run ReadHtmlCache Behavior [ RunTime:0.000000s ]
INFO: [ app_begin ] --END-- [ RunTime:0.000000s ]
ERR: 无法加载模块:Index

[ 2013-06-05T14:48:16+08:00 ] 127.0.0.1 /favicon.ico
INFO: [ route_check ] --START--
INFO: Run CheckRoute Behavior [ RunTime:0.001000s ]
INFO: [ route_check ] --END-- [ RunTime:0.001000s ]
INFO: [ app_begin ] --START--
INFO: Run ReadHtmlCache Behavior [ RunTime:0.000000s ]
INFO: [ app_begin ] --END-- [ RunTime:0.000000s ]
NOTIC: [8] Undefined variable: group D:\www\test\PHP\NS\library\Tlib\Lib\Core\App.class.php 第 120 行.
ERR: 无法加载模块:Favicon.ico

[ 2013-06-05T14:48:19+08:00 ] 127.0.0.1 /api/search/get.json?p=KIb6skTwg6KHpPdtrNthjkYVv0TT3d2SCuT1n7w0tkdUvB6NsgedCQ%3D%3D
INFO: [ route_check ] --START--
INFO: Run CheckRoute Behavior [ RunTime:0.001000s ]
INFO: [ route_check ] --END-- [ RunTime:0.001000s ]
INFO: [ app_begin ] --START--
INFO: Run ReadHtmlCache Behavior [ RunTime:0.001000s ]
INFO: [ app_begin ] --END-- [ RunTime:0.001000s ]
ERR: 无法加载模块:Search

[ 2013-06-05T14:48:19+08:00 ] 127.0.0.1 /favicon.ico
INFO: [ route_check ] --START--
INFO: Run CheckRoute Behavior [ RunTime:0.001000s ]
INFO: [ route_check ] --END-- [ RunTime:0.001000s ]
INFO: [ app_begin ] --START--
INFO: Run ReadHtmlCache Behavior [ RunTime:0.000000s ]
INFO: [ app_begin ] --END-- [ RunTime:0.001000s ]
NOTIC: [8] Undefined variable: group D:\www\test\PHP\NS\library\Tlib\Lib\Core\App.class.php 第 120 行.
ERR: 无法加载模块:Favicon.ico

[ 2013-06-05T14:48:27+08:00 ] 127.0.0.1 /api/search/get.json?p=KIb6skTwg6KHpPdtrNthjkYVv0TT3d2SCuT1n7w0tkdUvB6NsgedCQ%3D%3D
INFO: [ route_check ] --START--
INFO: Run CheckRoute Behavior [ RunTime:0.002000s ]
INFO: [ route_check ] --END-- [ RunTime:0.002000s ]
INFO: [ app_begin ] --START--
INFO: Run ReadHtmlCache Behavior [ RunTime:0.001000s ]
INFO: [ app_begin ] --END-- [ RunTime:0.002000s ]
NOTIC: 建议使用I方法替代_param
NOTIC: 建议使用I方法替代_param

[ 2013-06-05T14:48:27+08:00 ] 127.0.0.1 /favicon.ico
INFO: [ route_check ] --START--
INFO: Run CheckRoute Behavior [ RunTime:0.001000s ]
INFO: [ route_check ] --END-- [ RunTime:0.001000s ]
INFO: [ app_begin ] --START--
INFO: Run ReadHtmlCache Behavior [ RunTime:0.000000s ]
INFO: [ app_begin ] --END-- [ RunTime:0.000000s ]
NOTIC: [8] Undefined variable: group D:\www\test\PHP\NS\library\Tlib\Lib\Core\App.class.php 第 120 行.
ERR: 无法加载模块:Favicon.ico

[ 2013-06-05T14:49:29+08:00 ] 127.0.0.1 /api/search/get.json?p=KIb6skTwg6KHpPdtrNthjkYVv0TT3d2SCuT1n7w0tkdUvB6NsgedCQ%3D%3D
INFO: [ route_check ] --START--
INFO: Run CheckRoute Behavior [ RunTime:0.001000s ]
INFO: [ route_check ] --END-- [ RunTime:0.001000s ]
INFO: [ app_begin ] --START--
INFO: Run ReadHtmlCache Behavior [ RunTime:0.001000s ]
INFO: [ app_begin ] --END-- [ RunTime:0.001000s ]
NOTIC: 建议使用I方法替代_param
NOTIC: 建议使用I方法替代_param

[ 2013-06-05T14:49:29+08:00 ] 127.0.0.1 /favicon.ico
INFO: [ route_check ] --START--
INFO: Run CheckRoute Behavior [ RunTime:0.001000s ]
INFO: [ route_check ] --END-- [ RunTime:0.001000s ]
INFO: [ app_begin ] --START--
INFO: Run ReadHtmlCache Behavior [ RunTime:0.001000s ]
INFO: [ app_begin ] --END-- [ RunTime:0.001000s ]
NOTIC: [8] Undefined variable: group D:\www\test\PHP\NS\library\Tlib\Lib\Core\App.class.php 第 120 行.
ERR: 无法加载模块:Favicon.ico

[ 2013-06-05T14:49:37+08:00 ] 127.0.0.1 /api/index/index/search/get.json?p=KIb6skTwg6KHpPdtrNthjkYVv0TT3d2SCuT1n7w0tkdUvB6NsgedCQ%3D%3D
INFO: [ route_check ] --START--
INFO: Run CheckRoute Behavior [ RunTime:0.001000s ]
INFO: [ route_check ] --END-- [ RunTime:0.001000s ]
INFO: [ app_begin ] --START--
INFO: Run ReadHtmlCache Behavior [ RunTime:0.001000s ]
INFO: [ app_begin ] --END-- [ RunTime:0.001000s ]
NOTIC: 建议使用I方法替代_param
NOTIC: 建议使用I方法替代_param

[ 2013-06-05T14:49:37+08:00 ] 127.0.0.1 /favicon.ico
INFO: [ route_check ] --START--
INFO: Run CheckRoute Behavior [ RunTime:0.001000s ]
INFO: [ route_check ] --END-- [ RunTime:0.001000s ]
INFO: [ app_begin ] --START--
INFO: Run ReadHtmlCache Behavior [ RunTime:0.000000s ]
INFO: [ app_begin ] --END-- [ RunTime:0.000000s ]
NOTIC: [8] Undefined variable: group D:\www\test\PHP\NS\library\Tlib\Lib\Core\App.class.php 第 120 行.
ERR: 无法加载模块:Favicon.ico

[ 2013-06-05T14:49:44+08:00 ] 127.0.0.1 /api/search/get.json?p=KIb6skTwg6KHpPdtrNthjkYVv0TT3d2SCuT1n7w0tkdUvB6NsgedCQ%3D%3D
INFO: [ route_check ] --START--
INFO: Run CheckRoute Behavior [ RunTime:0.002000s ]
INFO: [ route_check ] --END-- [ RunTime:0.002000s ]
INFO: [ app_begin ] --START--
INFO: Run ReadHtmlCache Behavior [ RunTime:0.001000s ]
INFO: [ app_begin ] --END-- [ RunTime:0.001000s ]
NOTIC: 建议使用I方法替代_param
NOTIC: 建议使用I方法替代_param

[ 2013-06-05T14:49:44+08:00 ] 127.0.0.1 /favicon.ico
INFO: [ route_check ] --START--
INFO: Run CheckRoute Behavior [ RunTime:0.001000s ]
INFO: [ route_check ] --END-- [ RunTime:0.001000s ]
INFO: [ app_begin ] --START--
INFO: Run ReadHtmlCache Behavior [ RunTime:0.000000s ]
INFO: [ app_begin ] --END-- [ RunTime:0.000000s ]
NOTIC: [8] Undefined variable: group D:\www\test\PHP\NS\library\Tlib\Lib\Core\App.class.php 第 120 行.
ERR: 无法加载模块:Favicon.ico

[ 2013-06-05T14:50:45+08:00 ] 127.0.0.1 /
INFO: [ app_begin ] --START--
INFO: Run ReadHtmlCache Behavior [ RunTime:0.001000s ]
INFO: [ app_begin ] --END-- [ RunTime:0.001000s ]

[ 2013-06-05T14:50:45+08:00 ] 127.0.0.1 /js/bootstrap.min.js
INFO: [ route_check ] --START--
INFO: Run CheckRoute Behavior [ RunTime:0.001000s ]
INFO: [ route_check ] --END-- [ RunTime:0.002000s ]
INFO: [ app_begin ] --START--
INFO: Run ReadHtmlCache Behavior [ RunTime:0.001000s ]
INFO: [ app_begin ] --END-- [ RunTime:0.001000s ]
ERR: 无法加载模块:Js

[ 2013-06-05T14:50:45+08:00 ] 127.0.0.1 /favicon.ico
INFO: [ route_check ] --START--
INFO: Run CheckRoute Behavior [ RunTime:0.001000s ]
INFO: [ route_check ] --END-- [ RunTime:0.001000s ]
INFO: [ app_begin ] --START--
INFO: Run ReadHtmlCache Behavior [ RunTime:0.001001s ]
INFO: [ app_begin ] --END-- [ RunTime:0.001001s ]
NOTIC: [8] Undefined variable: group D:\www\test\PHP\NS\library\Tlib\Lib\Core\App.class.php 第 120 行.
ERR: 无法加载模块:Favicon.ico

[ 2013-06-05T14:50:49+08:00 ] 127.0.0.1 /?
INFO: [ app_begin ] --START--
INFO: Run ReadHtmlCache Behavior [ RunTime:0.001000s ]
INFO: [ app_begin ] --END-- [ RunTime:0.001000s ]

[ 2013-06-05T14:50:49+08:00 ] 127.0.0.1 /js/bootstrap.min.js
INFO: [ route_check ] --START--
INFO: Run CheckRoute Behavior [ RunTime:0.001000s ]
INFO: [ route_check ] --END-- [ RunTime:0.001000s ]
INFO: [ app_begin ] --START--
INFO: Run ReadHtmlCache Behavior [ RunTime:0.001001s ]
INFO: [ app_begin ] --END-- [ RunTime:0.001001s ]
ERR: 无法加载模块:Js

[ 2013-06-05T14:50:50+08:00 ] 127.0.0.1 /favicon.ico
INFO: [ route_check ] --START--
INFO: Run CheckRoute Behavior [ RunTime:0.000000s ]
INFO: [ route_check ] --END-- [ RunTime:0.001000s ]
INFO: [ app_begin ] --START--
INFO: Run ReadHtmlCache Behavior [ RunTime:0.001000s ]
INFO: [ app_begin ] --END-- [ RunTime:0.001000s ]
NOTIC: [8] Undefined variable: group D:\www\test\PHP\NS\library\Tlib\Lib\Core\App.class.php 第 120 行.
ERR: 无法加载模块:Favicon.ico

[ 2013-06-05T14:50:51+08:00 ] 127.0.0.1 /?
INFO: [ app_begin ] --START--
INFO: Run ReadHtmlCache Behavior [ RunTime:0.001000s ]
INFO: [ app_begin ] --END-- [ RunTime:0.001000s ]

[ 2013-06-05T14:50:51+08:00 ] 127.0.0.1 /js/bootstrap.min.js
INFO: [ route_check ] --START--
INFO: Run CheckRoute Behavior [ RunTime:0.001000s ]
INFO: [ route_check ] --END-- [ RunTime:0.001000s ]
INFO: [ app_begin ] --START--
INFO: Run ReadHtmlCache Behavior [ RunTime:0.001000s ]
INFO: [ app_begin ] --END-- [ RunTime:0.001000s ]
ERR: 无法加载模块:Js

[ 2013-06-05T14:50:51+08:00 ] 127.0.0.1 /favicon.ico
INFO: [ route_check ] --START--
INFO: Run CheckRoute Behavior [ RunTime:0.000000s ]
INFO: [ route_check ] --END-- [ RunTime:0.000000s ]
INFO: [ app_begin ] --START--
INFO: Run ReadHtmlCache Behavior [ RunTime:0.001000s ]
INFO: [ app_begin ] --END-- [ RunTime:0.001000s ]
NOTIC: [8] Undefined variable: group D:\www\test\PHP\NS\library\Tlib\Lib\Core\App.class.php 第 120 行.
ERR: 无法加载模块:Favicon.ico

[ 2013-06-05T14:50:51+08:00 ] 127.0.0.1 /?
INFO: [ app_begin ] --START--
INFO: Run ReadHtmlCache Behavior [ RunTime:0.001000s ]
INFO: [ app_begin ] --END-- [ RunTime:0.001000s ]

[ 2013-06-05T14:50:51+08:00 ] 127.0.0.1 /js/bootstrap.min.js
INFO: [ route_check ] --START--
INFO: Run CheckRoute Behavior [ RunTime:0.001000s ]
INFO: [ route_check ] --END-- [ RunTime:0.001000s ]
INFO: [ app_begin ] --START--
INFO: Run ReadHtmlCache Behavior [ RunTime:0.000000s ]
INFO: [ app_begin ] --END-- [ RunTime:0.000000s ]
ERR: 无法加载模块:Js

[ 2013-06-05T14:50:53+08:00 ] 127.0.0.1 /favicon.ico
INFO: [ route_check ] --START--
INFO: Run CheckRoute Behavior [ RunTime:0.015001s ]
INFO: [ route_check ] --END-- [ RunTime:0.015001s ]
INFO: [ app_begin ] --START--
INFO: Run ReadHtmlCache Behavior [ RunTime:0.002000s ]
INFO: [ app_begin ] --END-- [ RunTime:0.002000s ]
NOTIC: [8] Undefined variable: group D:\www\test\PHP\NS\library\Tlib\Lib\Core\App.class.php 第 120 行.
ERR: 无法加载模块:Favicon.ico

[ 2013-06-05T14:50:53+08:00 ] 127.0.0.1 /?
INFO: [ app_begin ] --START--
INFO: Run ReadHtmlCache Behavior [ RunTime:0.001000s ]
INFO: [ app_begin ] --END-- [ RunTime:0.001000s ]

[ 2013-06-05T14:50:53+08:00 ] 127.0.0.1 /js/bootstrap.min.js
INFO: [ route_check ] --START--
INFO: Run CheckRoute Behavior [ RunTime:0.001000s ]
INFO: [ route_check ] --END-- [ RunTime:0.001000s ]
INFO: [ app_begin ] --START--
INFO: Run ReadHtmlCache Behavior [ RunTime:0.001000s ]
INFO: [ app_begin ] --END-- [ RunTime:0.001000s ]
ERR: 无法加载模块:Js

[ 2013-06-05T14:50:53+08:00 ] 127.0.0.1 /favicon.ico
INFO: [ route_check ] --START--
INFO: Run CheckRoute Behavior [ RunTime:0.001000s ]
INFO: [ route_check ] --END-- [ RunTime:0.001000s ]
INFO: [ app_begin ] --START--
INFO: Run ReadHtmlCache Behavior [ RunTime:0.001000s ]
INFO: [ app_begin ] --END-- [ RunTime:0.001000s ]
NOTIC: [8] Undefined variable: group D:\www\test\PHP\NS\library\Tlib\Lib\Core\App.class.php 第 120 行.
ERR: 无法加载模块:Favicon.ico

[ 2013-06-05T14:50:55+08:00 ] 127.0.0.1 /
INFO: [ app_begin ] --START--
INFO: Run ReadHtmlCache Behavior [ RunTime:0.001000s ]
INFO: [ app_begin ] --END-- [ RunTime:0.001000s ]

[ 2013-06-05T14:50:55+08:00 ] 127.0.0.1 /js/bootstrap.min.js
INFO: [ route_check ] --START--
INFO: Run CheckRoute Behavior [ RunTime:0.001000s ]
INFO: [ route_check ] --END-- [ RunTime:0.001000s ]
INFO: [ app_begin ] --START--
INFO: Run ReadHtmlCache Behavior [ RunTime:0.001000s ]
INFO: [ app_begin ] --END-- [ RunTime:0.001000s ]
ERR: 无法加载模块:Js

[ 2013-06-05T14:50:55+08:00 ] 127.0.0.1 /favicon.ico
INFO: [ route_check ] --START--
INFO: Run CheckRoute Behavior [ RunTime:0.001000s ]
INFO: [ route_check ] --END-- [ RunTime:0.001000s ]
INFO: [ app_begin ] --START--
INFO: Run ReadHtmlCache Behavior [ RunTime:0.001000s ]
INFO: [ app_begin ] --END-- [ RunTime:0.001000s ]
NOTIC: [8] Undefined variable: group D:\www\test\PHP\NS\library\Tlib\Lib\Core\App.class.php 第 120 行.
ERR: 无法加载模块:Favicon.ico

[ 2013-06-05T14:52:11+08:00 ] 127.0.0.1 /api/search/get.json?p=KIb6skTwg6KHpPdtrNthjkYVv0TT3d2SCuT1n7w0tkdUvB6NsgedCQ%3D%3D
INFO: [ route_check ] --START--
INFO: Run CheckRoute Behavior [ RunTime:0.001000s ]
INFO: [ route_check ] --END-- [ RunTime:0.001000s ]
INFO: [ app_begin ] --START--
INFO: Run ReadHtmlCache Behavior [ RunTime:0.000000s ]
INFO: [ app_begin ] --END-- [ RunTime:0.001000s ]
NOTIC: 建议使用I方法替代_param
NOTIC: 建议使用I方法替代_param

[ 2013-06-05T14:52:11+08:00 ] 127.0.0.1 /favicon.ico
INFO: [ route_check ] --START--
INFO: Run CheckRoute Behavior [ RunTime:0.001000s ]
INFO: [ route_check ] --END-- [ RunTime:0.001000s ]
INFO: [ app_begin ] --START--
INFO: Run ReadHtmlCache Behavior [ RunTime:0.001000s ]
INFO: [ app_begin ] --END-- [ RunTime:0.001000s ]
NOTIC: [8] Undefined variable: group D:\www\test\PHP\NS\library\Tlib\Lib\Core\App.class.php 第 120 行.
ERR: 无法加载模块:Favicon.ico

[ 2013-06-05T14:52:21+08:00 ] 127.0.0.1 /api/search/get.json?p=KIb6skTwg6KHpPdtrNthjkYVv0TT3d2SCuT1n7w0tkdUvB6NsgedCQ%3D%3D
INFO: [ route_check ] --START--
INFO: Run CheckRoute Behavior [ RunTime:0.002000s ]
INFO: [ route_check ] --END-- [ RunTime:0.002000s ]
INFO: [ app_begin ] --START--
INFO: Run ReadHtmlCache Behavior [ RunTime:0.002000s ]
INFO: [ app_begin ] --END-- [ RunTime:0.002000s ]
NOTIC: 建议使用I方法替代_param
NOTIC: 建议使用I方法替代_param

[ 2013-06-05T14:52:21+08:00 ] 127.0.0.1 /favicon.ico
INFO: [ route_check ] --START--
INFO: Run CheckRoute Behavior [ RunTime:0.001000s ]
INFO: [ route_check ] --END-- [ RunTime:0.001000s ]
INFO: [ app_begin ] --START--
INFO: Run ReadHtmlCache Behavior [ RunTime:0.001000s ]
INFO: [ app_begin ] --END-- [ RunTime:0.001000s ]
NOTIC: [8] Undefined variable: group D:\www\test\PHP\NS\library\Tlib\Lib\Core\App.class.php 第 120 行.
ERR: 无法加载模块:Favicon.ico

[ 2013-06-05T14:56:10+08:00 ] 127.0.0.1 /?
INFO: [ app_begin ] --START--
INFO: Run ReadHtmlCache Behavior [ RunTime:0.001000s ]
INFO: [ app_begin ] --END-- [ RunTime:0.001000s ]

[ 2013-06-05T14:56:10+08:00 ] 127.0.0.1 /js/bootstrap.min.js
INFO: [ route_check ] --START--
INFO: Run CheckRoute Behavior [ RunTime:0.001000s ]
INFO: [ route_check ] --END-- [ RunTime:0.001000s ]
INFO: [ app_begin ] --START--
INFO: Run ReadHtmlCache Behavior [ RunTime:0.000000s ]
INFO: [ app_begin ] --END-- [ RunTime:0.000000s ]
ERR: 无法加载模块:Js

[ 2013-06-05T14:56:10+08:00 ] 127.0.0.1 /favicon.ico
INFO: [ route_check ] --START--
INFO: Run CheckRoute Behavior [ RunTime:0.001000s ]
INFO: [ route_check ] --END-- [ RunTime:0.001000s ]
INFO: [ app_begin ] --START--
INFO: Run ReadHtmlCache Behavior [ RunTime:0.000000s ]
INFO: [ app_begin ] --END-- [ RunTime:0.001000s ]
NOTIC: [8] Undefined variable: group D:\www\test\PHP\NS\library\Tlib\Lib\Core\App.class.php 第 120 行.
ERR: 无法加载模块:Favicon.ico

[ 2013-06-05T17:51:02+08:00 ] 127.0.0.1 /api/search/get.json?p=KIb6skTwg6KHpPdtrNthjkYVv0TT3d2SCuT1n7w0tkdUvB6NsgedCQ%3D%3D
INFO: [ route_check ] --START--
INFO: Run CheckRoute Behavior [ RunTime:0.068004s ]
INFO: [ route_check ] --END-- [ RunTime:0.155009s ]
INFO: [ app_begin ] --START--
INFO: Run ReadHtmlCache Behavior [ RunTime:0.011001s ]
INFO: [ app_begin ] --END-- [ RunTime:0.011001s ]
NOTIC: 建议使用I方法替代_param
NOTIC: 建议使用I方法替代_param
NOTIC: [2] fsockopen():  D:\www\test\PHP\NS\library\Ns\Vendor\Sphinx\Sphinxapi.php 第 582 行.

[ 2013-06-05T17:51:05+08:00 ] 127.0.0.1 /favicon.ico
INFO: [ route_check ] --START--
INFO: Run CheckRoute Behavior [ RunTime:0.018002s ]
INFO: [ route_check ] --END-- [ RunTime:0.018002s ]
INFO: [ app_begin ] --START--
INFO: Run ReadHtmlCache Behavior [ RunTime:0.001000s ]
INFO: [ app_begin ] --END-- [ RunTime:0.002000s ]
NOTIC: [8] Undefined variable: group D:\www\test\PHP\NS\library\Tlib\Lib\Core\App.class.php 第 120 行.
ERR: 无法加载模块:Favicon.ico

